Base path: /Applications/Unity/Unity.app/Contents
Pipe name: \\.\pipe\UnityShaderCompiler-64bit-2-1021521920
Cmd: getPlatforms
Cmd: compileSnippet
  api=5 type=0 insize=7257 outsize=5866 kw=DIRECTIONAL SHADOWS_SCREEN LIGHTMAP_OFF DIRLIGHTMAP_OFF DYNAMICLIGHTMAP_OFF ok=1
Cmd: compileSnippet
  api=5 type=0 insize=7257 outsize=7372 kw=DIRECTIONAL SHADOWS_SCREEN LIGHTMAP_OFF DIRLIGHTMAP_OFF DYNAMICLIGHTMAP_OFF VERTEXLIGHT_ON ok=1
Cmd: compileSnippet
  api=5 type=0 insize=7257 outsize=7396 kw=DIRECTIONAL SHADOWS_SCREEN SHADOWS_NATIVE LIGHTMAP_OFF DIRLIGHTMAP_OFF DYNAMICLIGHTMAP_OFF VERTEXLIGHT_ON ok=1
Cmd: compileSnippet
  api=5 type=1 insize=7257 outsize=6 kw=DIRECTIONAL SHADOWS_OFF LIGHTMAP_OFF DIRLIGHTMAP_OFF DYNAMICLIGHTMAP_OFF ok=1
Cmd: compileSnippet
  api=5 type=0 insize=4694 outsize=3824 kw=DIRECTIONAL ok=1
Cmd: compileSnippet
  api=5 type=0 insize=4694 outsize=4451 kw=POINT_COOKIE ok=1
Cmd: compileSnippet
  api=5 type=1 insize=4694 outsize=6 kw=DIRECTIONAL ok=1
Cmd: compileSnippet
  api=5 type=1 insize=4694 outsize=6 kw=SPOT ok=1
Cmd: compileSnippet
  api=5 type=1 insize=4694 outsize=6 kw=POINT_COOKIE ok=1
Cmd: compileSnippet
  api=5 type=0 insize=6246 outsize=3452 kw=LIGHTMAP_OFF DIRLIGHTMAP_OFF DYNAMICLIGHTMAP_OFF UNITY_HDR_ON ok=1
Cmd: compileSnippet
  api=5 type=1 insize=6246 outsize=6 kw=LIGHTMAP_OFF DIRLIGHTMAP_OFF DYNAMICLIGHTMAP_OFF UNITY_HDR_ON ok=1
Cmd: compileSnippet
  api=5 type=0 insize=7116 outsize=5124 kw=LIGHTMAP_OFF DIRLIGHTMAP_OFF DYNAMICLIGHTMAP_OFF UNITY_HDR_ON ok=1
Cmd: compileSnippet
  api=5 type=1 insize=7116 outsize=6 kw=LIGHTMAP_OFF DIRLIGHTMAP_OFF DYNAMICLIGHTMAP_OFF UNITY_HDR_ON ok=1
Cmd: compileSnippet
  api=5 type=0 insize=7025 outsize=4835 kw=DIRECTIONAL SHADOWS_SCREEN LIGHTMAP_OFF DIRLIGHTMAP_OFF DYNAMICLIGHTMAP_OFF ok=1
Cmd: compileSnippet
  api=5 type=0 insize=7025 outsize=5560 kw=DIRECTIONAL SHADOWS_OFF LIGHTMAP_OFF DIRLIGHTMAP_OFF DYNAMICLIGHTMAP_OFF VERTEXLIGHT_ON ok=1
Cmd: compileSnippet
  api=5 type=0 insize=7025 outsize=4859 kw=DIRECTIONAL SHADOWS_SCREEN SHADOWS_NATIVE LIGHTMAP_OFF DIRLIGHTMAP_OFF DYNAMICLIGHTMAP_OFF ok=1
Cmd: compileSnippet
  api=5 type=1 insize=7025 outsize=6 kw=DIRECTIONAL SHADOWS_SCREEN LIGHTMAP_OFF DIRLIGHTMAP_OFF DYNAMICLIGHTMAP_OFF ok=1
Cmd: compileSnippet
  api=5 type=1 insize=7025 outsize=6 kw=DIRECTIONAL SHADOWS_SCREEN SHADOWS_NATIVE LIGHTMAP_OFF DIRLIGHTMAP_OFF DYNAMICLIGHTMAP_OFF ok=1
Cmd: compileSnippet
  api=5 type=0 insize=3820 outsize=3057 kw=DIRECTIONAL ok=1
Cmd: compileSnippet
  api=5 type=0 insize=3820 outsize=3900 kw=SPOT ok=1
Cmd: compileSnippet
  api=5 type=0 insize=3820 outsize=3456 kw=DIRECTIONAL_COOKIE ok=1
Cmd: compileSnippet
  api=5 type=1 insize=3820 outsize=6 kw=DIRECTIONAL ok=1
Cmd: compileSnippet
  api=5 type=1 insize=3820 outsize=6 kw=POINT_COOKIE ok=1
Cmd: compileSnippet
  api=5 type=0 insize=2892 outsize=1361 kw= ok=1
Cmd: compileSnippet
  api=5 type=0 insize=6064 outsize=3707 kw=LIGHTMAP_OFF DIRLIGHTMAP_OFF DYNAMICLIGHTMAP_OFF UNITY_HDR_ON ok=1
Cmd: compileSnippet
  api=5 type=1 insize=6064 outsize=6 kw=LIGHTMAP_OFF DIRLIGHTMAP_OFF DYNAMICLIGHTMAP_OFF UNITY_HDR_ON ok=1
Cmd: compileSnippet
  api=5 type=0 insize=6143 outsize=3533 kw=LIGHTMAP_OFF DIRLIGHTMAP_OFF DYNAMICLIGHTMAP_OFF UNITY_HDR_ON ok=1
Cmd: compileSnippet
  api=5 type=1 insize=6143 outsize=6 kw=LIGHTMAP_OFF DIRLIGHTMAP_OFF DYNAMICLIGHTMAP_OFF UNITY_HDR_ON ok=1
Cmd: compileSnippet
  api=5 type=0 insize=7523 outsize=6931 kw=DIRECTIONAL SHADOWS_SCREEN LIGHTMAP_OFF DIRLIGHTMAP_OFF DYNAMICLIGHTMAP_OFF ok=1
Cmd: compileSnippet
  api=5 type=0 insize=7523 outsize=8437 kw=DIRECTIONAL SHADOWS_SCREEN LIGHTMAP_OFF DIRLIGHTMAP_OFF DYNAMICLIGHTMAP_OFF VERTEXLIGHT_ON ok=1
Cmd: compileSnippet
  api=5 type=0 insize=7523 outsize=8461 kw=DIRECTIONAL SHADOWS_SCREEN SHADOWS_NATIVE LIGHTMAP_OFF DIRLIGHTMAP_OFF DYNAMICLIGHTMAP_OFF VERTEXLIGHT_ON ok=1
Cmd: compileSnippet
  api=5 type=1 insize=7523 outsize=6 kw=DIRECTIONAL SHADOWS_SCREEN LIGHTMAP_OFF DIRLIGHTMAP_OFF DYNAMICLIGHTMAP_OFF ok=1
Cmd: compileSnippet
  api=5 type=1 insize=7523 outsize=6 kw=DIRECTIONAL SHADOWS_SCREEN SHADOWS_NATIVE LIGHTMAP_OFF DIRLIGHTMAP_OFF DYNAMICLIGHTMAP_OFF ok=1
Cmd: compileSnippet
  api=5 type=0 insize=4918 outsize=5023 kw=POINT ok=1
Cmd: compileSnippet
  api=5 type=0 insize=4918 outsize=5115 kw=POINT_COOKIE ok=1
Cmd: compileSnippet
  api=5 type=0 insize=4918 outsize=4919 kw=DIRECTIONAL_COOKIE ok=1
Cmd: compileSnippet
  api=5 type=1 insize=4918 outsize=6 kw=DIRECTIONAL ok=1
Cmd: compileSnippet
  api=5 type=0 insize=6387 outsize=3707 kw=LIGHTMAP_OFF DIRLIGHTMAP_OFF DYNAMICLIGHTMAP_OFF UNITY_HDR_ON ok=1
Cmd: compileSnippet
  api=5 type=1 insize=6387 outsize=6 kw=LIGHTMAP_OFF DIRLIGHTMAP_OFF DYNAMICLIGHTMAP_OFF UNITY_HDR_ON ok=1
Cmd: compileSnippet
  api=5 type=0 insize=7382 outsize=5453 kw=LIGHTMAP_OFF DIRLIGHTMAP_OFF DYNAMICLIGHTMAP_OFF UNITY_HDR_ON ok=1
Cmd: compileSnippet
  api=5 type=1 insize=7382 outsize=6 kw=LIGHTMAP_OFF DIRLIGHTMAP_OFF DYNAMICLIGHTMAP_OFF UNITY_HDR_ON ok=1
Cmd: compileSnippet
  api=5 type=0 insize=7321 outsize=6645 kw=DIRECTIONAL SHADOWS_SCREEN LIGHTMAP_OFF DIRLIGHTMAP_OFF DYNAMICLIGHTMAP_OFF ok=1
Cmd: compileSnippet
  api=5 type=0 insize=7321 outsize=8151 kw=DIRECTIONAL SHADOWS_SCREEN LIGHTMAP_OFF DIRLIGHTMAP_OFF DYNAMICLIGHTMAP_OFF VERTEXLIGHT_ON ok=1
Cmd: compileSnippet
  api=5 type=0 insize=7321 outsize=8175 kw=DIRECTIONAL SHADOWS_SCREEN SHADOWS_NATIVE LIGHTMAP_OFF DIRLIGHTMAP_OFF DYNAMICLIGHTMAP_OFF VERTEXLIGHT_ON ok=1
Cmd: compileSnippet
  api=5 type=1 insize=7321 outsize=6 kw=DIRECTIONAL SHADOWS_SCREEN LIGHTMAP_OFF DIRLIGHTMAP_OFF DYNAMICLIGHTMAP_OFF ok=1
Cmd: compileSnippet
  api=5 type=0 insize=4905 outsize=4520 kw=DIRECTIONAL ok=1
Cmd: compileSnippet
  api=5 type=0 insize=4905 outsize=5363 kw=SPOT ok=1
Cmd: compileSnippet
  api=5 type=0 insize=4905 outsize=4919 kw=DIRECTIONAL_COOKIE ok=1
Cmd: compileSnippet
  api=5 type=1 insize=4905 outsize=6 kw=DIRECTIONAL ok=1
Cmd: compileSnippet
  api=5 type=1 insize=4905 outsize=6 kw=POINT_COOKIE ok=1
Cmd: compileSnippet
  api=5 type=0 insize=6080 outsize=3707 kw=LIGHTMAP_OFF DIRLIGHTMAP_OFF DYNAMICLIGHTMAP_OFF UNITY_HDR_ON ok=1
Cmd: compileSnippet
  api=5 type=1 insize=6080 outsize=6 kw=LIGHTMAP_OFF DIRLIGHTMAP_OFF DYNAMICLIGHTMAP_OFF UNITY_HDR_ON ok=1
Cmd: compileSnippet
  api=5 type=0 insize=7240 outsize=5261 kw=LIGHTMAP_OFF DIRLIGHTMAP_OFF DYNAMICLIGHTMAP_OFF UNITY_HDR_ON ok=1
Cmd: compileSnippet
  api=5 type=1 insize=7240 outsize=6 kw=LIGHTMAP_OFF DIRLIGHTMAP_OFF DYNAMICLIGHTMAP_OFF UNITY_HDR_ON ok=1
Cmd: compileSnippet
  api=5 type=0 insize=7075 outsize=4394 kw=DIRECTIONAL SHADOWS_SCREEN LIGHTMAP_OFF DIRLIGHTMAP_OFF DYNAMICLIGHTMAP_OFF ok=1
Cmd: compileSnippet
  api=5 type=0 insize=7075 outsize=5897 kw=DIRECTIONAL SHADOWS_SCREEN LIGHTMAP_OFF DIRLIGHTMAP_OFF DYNAMICLIGHTMAP_OFF VERTEXLIGHT_ON ok=1
Cmd: compileSnippet
  api=5 type=0 insize=7075 outsize=4418 kw=DIRECTIONAL SHADOWS_SCREEN SHADOWS_NATIVE LIGHTMAP_OFF DIRLIGHTMAP_OFF DYNAMICLIGHTMAP_OFF ok=1
Cmd: compileSnippet
  api=5 type=1 insize=7075 outsize=6 kw=DIRECTIONAL SHADOWS_SCREEN LIGHTMAP_OFF DIRLIGHTMAP_OFF DYNAMICLIGHTMAP_OFF ok=1
Cmd: compileSnippet
  api=5 type=1 insize=7075 outsize=6 kw=DIRECTIONAL SHADOWS_SCREEN SHADOWS_NATIVE LIGHTMAP_OFF DIRLIGHTMAP_OFF DYNAMICLIGHTMAP_OFF ok=1
Cmd: compileSnippet
  api=5 type=0 insize=3755 outsize=2362 kw=DIRECTIONAL ok=1
Cmd: compileSnippet
  api=5 type=0 insize=3755 outsize=3238 kw=SPOT ok=1
Cmd: compileSnippet
  api=5 type=0 insize=3755 outsize=2793 kw=DIRECTIONAL_COOKIE ok=1
Cmd: compileSnippet
  api=5 type=1 insize=3755 outsize=6 kw=DIRECTIONAL ok=1
Cmd: compileSnippet
  api=5 type=1 insize=3755 outsize=6 kw=DIRECTIONAL_COOKIE ok=1
Cmd: compileSnippet
  api=5 type=0 insize=6232 outsize=3761 kw=LIGHTMAP_OFF DIRLIGHTMAP_OFF DYNAMICLIGHTMAP_OFF UNITY_HDR_ON ok=1
Cmd: compileSnippet
  api=5 type=1 insize=6232 outsize=6 kw=LIGHTMAP_OFF DIRLIGHTMAP_OFF DYNAMICLIGHTMAP_OFF UNITY_HDR_ON ok=1
Cmd: compileSnippet
  api=5 type=0 insize=6163 outsize=3625 kw=LIGHTMAP_OFF DIRLIGHTMAP_OFF DYNAMICLIGHTMAP_OFF UNITY_HDR_ON ok=1
Cmd: compileSnippet
  api=5 type=1 insize=6163 outsize=6 kw=LIGHTMAP_OFF DIRLIGHTMAP_OFF DYNAMICLIGHTMAP_OFF UNITY_HDR_ON ok=1
Cmd: compileSnippet
  api=5 type=0 insize=7269 outsize=5076 kw=DIRECTIONAL SHADOWS_SCREEN LIGHTMAP_OFF DIRLIGHTMAP_OFF DYNAMICLIGHTMAP_OFF ok=1
Cmd: compileSnippet
  api=5 type=0 insize=7269 outsize=6579 kw=DIRECTIONAL SHADOWS_SCREEN LIGHTMAP_OFF DIRLIGHTMAP_OFF DYNAMICLIGHTMAP_OFF VERTEXLIGHT_ON ok=1
Cmd: compileSnippet
  api=5 type=0 insize=7269 outsize=5100 kw=DIRECTIONAL SHADOWS_SCREEN SHADOWS_NATIVE LIGHTMAP_OFF DIRLIGHTMAP_OFF DYNAMICLIGHTMAP_OFF ok=1
Cmd: compileSnippet
  api=5 type=1 insize=7269 outsize=6 kw=DIRECTIONAL SHADOWS_SCREEN LIGHTMAP_OFF DIRLIGHTMAP_OFF DYNAMICLIGHTMAP_OFF ok=1
Cmd: compileSnippet
  api=5 type=1 insize=7269 outsize=6 kw=DIRECTIONAL SHADOWS_SCREEN SHADOWS_NATIVE LIGHTMAP_OFF DIRLIGHTMAP_OFF DYNAMICLIGHTMAP_OFF ok=1
Cmd: compileSnippet
  api=5 type=0 insize=3907 outsize=3041 kw=DIRECTIONAL ok=1
Cmd: compileSnippet
  api=5 type=0 insize=3907 outsize=3883 kw=SPOT ok=1
Cmd: compileSnippet
  api=5 type=0 insize=3907 outsize=3439 kw=DIRECTIONAL_COOKIE ok=1
Cmd: compileSnippet
  api=5 type=1 insize=3907 outsize=6 kw=POINT ok=1
Cmd: compileSnippet
  api=5 type=1 insize=3907 outsize=6 kw=DIRECTIONAL ok=1
Cmd: compileSnippet
  api=5 type=1 insize=3907 outsize=6 kw=SPOT ok=1
Cmd: compileSnippet
  api=5 type=1 insize=3907 outsize=6 kw=POINT_COOKIE ok=1
Cmd: compileSnippet
  api=5 type=1 insize=3907 outsize=6 kw=DIRECTIONAL_COOKIE ok=1
Cmd: compileSnippet
  api=5 type=0 insize=2979 outsize=1361 kw= ok=1
Cmd: compileSnippet
  api=5 type=1 insize=2979 outsize=6 kw= ok=1
Cmd: compileSnippet
  api=5 type=0 insize=6301 outsize=4009 kw=LIGHTMAP_OFF DIRLIGHTMAP_OFF DYNAMICLIGHTMAP_OFF HDR_LIGHT_PREPASS_OFF ok=1
Cmd: compileSnippet
  api=5 type=1 insize=6301 outsize=6 kw=LIGHTMAP_OFF DIRLIGHTMAP_OFF DYNAMICLIGHTMAP_OFF UNITY_HDR_ON ok=1
Cmd: compileSnippet
  api=5 type=0 insize=6357 outsize=3880 kw=LIGHTMAP_OFF DIRLIGHTMAP_OFF DYNAMICLIGHTMAP_OFF HDR_LIGHT_PREPASS_OFF ok=1
Cmd: compileSnippet
  api=5 type=1 insize=6357 outsize=6 kw=LIGHTMAP_OFF DIRLIGHTMAP_OFF DYNAMICLIGHTMAP_OFF UNITY_HDR_ON ok=1
Cmd: compileSnippet
  api=5 type=0 insize=7817 outsize=7176 kw=DIRECTIONAL SHADOWS_SCREEN LIGHTMAP_OFF DIRLIGHTMAP_OFF DYNAMICLIGHTMAP_OFF ok=1
Cmd: compileSnippet
  api=5 type=0 insize=7817 outsize=8682 kw=DIRECTIONAL SHADOWS_SCREEN LIGHTMAP_OFF DIRLIGHTMAP_OFF DYNAMICLIGHTMAP_OFF VERTEXLIGHT_ON ok=1
Cmd: compileSnippet
  api=5 type=0 insize=7817 outsize=8706 kw=DIRECTIONAL SHADOWS_SCREEN SHADOWS_NATIVE LIGHTMAP_OFF DIRLIGHTMAP_OFF DYNAMICLIGHTMAP_OFF VERTEXLIGHT_ON ok=1
Cmd: compileSnippet
  api=5 type=1 insize=7817 outsize=6 kw=DIRECTIONAL SHADOWS_SCREEN LIGHTMAP_OFF DIRLIGHTMAP_OFF DYNAMICLIGHTMAP_OFF ok=1
Cmd: compileSnippet
  api=5 type=0 insize=4993 outsize=4504 kw=DIRECTIONAL ok=1
Cmd: compileSnippet
  api=5 type=0 insize=4993 outsize=5098 kw=POINT_COOKIE ok=1
Cmd: compileSnippet
  api=5 type=1 insize=4993 outsize=6 kw=DIRECTIONAL ok=1
Cmd: compileSnippet
  api=5 type=1 insize=4993 outsize=6 kw=SPOT ok=1
Cmd: compileSnippet
  api=5 type=1 insize=4993 outsize=6 kw=DIRECTIONAL_COOKIE ok=1
Cmd: compileSnippet
  api=5 type=0 insize=6612 outsize=4000 kw=LIGHTMAP_OFF DIRLIGHTMAP_OFF DYNAMICLIGHTMAP_OFF UNITY_HDR_ON ok=1
Cmd: compileSnippet
  api=5 type=1 insize=6612 outsize=6 kw=LIGHTMAP_OFF DIRLIGHTMAP_OFF DYNAMICLIGHTMAP_OFF UNITY_HDR_ON ok=1
Cmd: compileSnippet
  api=5 type=0 insize=7615 outsize=5686 kw=LIGHTMAP_OFF DIRLIGHTMAP_OFF DYNAMICLIGHTMAP_OFF UNITY_HDR_ON ok=1
Cmd: compileSnippet
  api=5 type=1 insize=7615 outsize=6 kw=LIGHTMAP_OFF DIRLIGHTMAP_OFF DYNAMICLIGHTMAP_OFF UNITY_HDR_ON ok=1
Cmd: compileSnippet
  api=5 type=0 insize=8211 outsize=8210 kw=DIRECTIONAL SHADOWS_SCREEN LIGHTMAP_OFF DIRLIGHTMAP_OFF DYNAMICLIGHTMAP_OFF ok=1
Cmd: compileSnippet
  api=5 type=0 insize=8211 outsize=9716 kw=DIRECTIONAL SHADOWS_SCREEN LIGHTMAP_OFF DIRLIGHTMAP_OFF DYNAMICLIGHTMAP_OFF VERTEXLIGHT_ON ok=1
Cmd: compileSnippet
  api=5 type=0 insize=8211 outsize=9740 kw=DIRECTIONAL SHADOWS_SCREEN SHADOWS_NATIVE LIGHTMAP_OFF DIRLIGHTMAP_OFF DYNAMICLIGHTMAP_OFF VERTEXLIGHT_ON ok=1
Cmd: compileSnippet
  api=5 type=1 insize=8211 outsize=6 kw=DIRECTIONAL SHADOWS_SCREEN LIGHTMAP_OFF DIRLIGHTMAP_OFF DYNAMICLIGHTMAP_OFF ok=1
Cmd: compileSnippet
  api=5 type=1 insize=8211 outsize=6 kw=DIRECTIONAL SHADOWS_SCREEN SHADOWS_NATIVE LIGHTMAP_OFF DIRLIGHTMAP_OFF DYNAMICLIGHTMAP_OFF ok=1
Cmd: compileSnippet
  api=5 type=0 insize=5387 outsize=5410 kw=DIRECTIONAL ok=1
Cmd: compileSnippet
  api=5 type=0 insize=5387 outsize=6251 kw=SPOT ok=1
Cmd: compileSnippet
  api=5 type=0 insize=5387 outsize=5807 kw=DIRECTIONAL_COOKIE ok=1
Cmd: compileSnippet
  api=5 type=1 insize=5387 outsize=6 kw=DIRECTIONAL ok=1
Cmd: compileSnippet
  api=5 type=1 insize=5387 outsize=6 kw=POINT_COOKIE ok=1
Cmd: compileSnippet
  api=5 type=0 insize=4575 outsize=4255 kw= ok=1
Cmd: compileSnippet
  api=5 type=0 insize=7340 outsize=7205 kw=LIGHTMAP_OFF DIRLIGHTMAP_OFF DYNAMICLIGHTMAP_OFF UNITY_HDR_ON ok=1
Cmd: compileSnippet
  api=5 type=1 insize=7340 outsize=6 kw=LIGHTMAP_OFF DIRLIGHTMAP_OFF DYNAMICLIGHTMAP_OFF UNITY_HDR_ON ok=1
Cmd: compileSnippet
  api=5 type=0 insize=7864 outsize=7163 kw=LIGHTMAP_OFF DIRLIGHTMAP_OFF DYNAMICLIGHTMAP_OFF UNITY_HDR_ON ok=1
Cmd: compileSnippet
  api=5 type=1 insize=7864 outsize=6 kw=LIGHTMAP_OFF DIRLIGHTMAP_OFF DYNAMICLIGHTMAP_OFF UNITY_HDR_ON ok=1
Cmd: compileSnippet
  api=5 type=0 insize=6925 outsize=4236 kw=DIRECTIONAL SHADOWS_SCREEN LIGHTMAP_OFF DIRLIGHTMAP_OFF DYNAMICLIGHTMAP_OFF ok=1
Cmd: compileSnippet
  api=5 type=0 insize=6925 outsize=5700 kw=DIRECTIONAL SHADOWS_SCREEN LIGHTMAP_OFF DIRLIGHTMAP_OFF DYNAMICLIGHTMAP_OFF VERTEXLIGHT_ON ok=1
Cmd: compileSnippet
  api=5 type=0 insize=6925 outsize=5724 kw=DIRECTIONAL SHADOWS_SCREEN SHADOWS_NATIVE LIGHTMAP_OFF DIRLIGHTMAP_OFF DYNAMICLIGHTMAP_OFF VERTEXLIGHT_ON ok=1
Cmd: compileSnippet
  api=5 type=1 insize=6925 outsize=6 kw=DIRECTIONAL SHADOWS_SCREEN LIGHTMAP_OFF DIRLIGHTMAP_OFF DYNAMICLIGHTMAP_OFF ok=1
Cmd: compileSnippet
  api=5 type=0 insize=3896 outsize=2406 kw=DIRECTIONAL ok=1
Cmd: compileSnippet
  api=5 type=0 insize=3896 outsize=3148 kw=POINT_COOKIE ok=1
Cmd: compileSnippet
  api=5 type=1 insize=3896 outsize=6 kw=DIRECTIONAL ok=1
Cmd: compileSnippet
  api=5 type=1 insize=3896 outsize=6 kw=SPOT ok=1
Cmd: compileSnippet
  api=5 type=1 insize=3896 outsize=6 kw=DIRECTIONAL_COOKIE ok=1
Cmd: compileSnippet
  api=5 type=0 insize=7017 outsize=4274 kw=DIRECTIONAL SHADOWS_SCREEN LIGHTMAP_OFF DIRLIGHTMAP_OFF DYNAMICLIGHTMAP_OFF ok=1
Cmd: compileSnippet
  api=5 type=0 insize=7017 outsize=5001 kw=DIRECTIONAL SHADOWS_OFF LIGHTMAP_OFF DIRLIGHTMAP_OFF DYNAMICLIGHTMAP_OFF VERTEXLIGHT_ON ok=1
Cmd: compileSnippet
  api=5 type=0 insize=7017 outsize=4298 kw=DIRECTIONAL SHADOWS_SCREEN SHADOWS_NATIVE LIGHTMAP_OFF DIRLIGHTMAP_OFF DYNAMICLIGHTMAP_OFF ok=1
Cmd: compileSnippet
  api=5 type=1 insize=7017 outsize=6 kw=DIRECTIONAL SHADOWS_SCREEN LIGHTMAP_OFF DIRLIGHTMAP_OFF DYNAMICLIGHTMAP_OFF ok=1
Cmd: compileSnippet
  api=5 type=1 insize=7017 outsize=6 kw=DIRECTIONAL SHADOWS_SCREEN SHADOWS_NATIVE LIGHTMAP_OFF DIRLIGHTMAP_OFF DYNAMICLIGHTMAP_OFF ok=1
Cmd: compileSnippet
  api=5 type=0 insize=3732 outsize=2362 kw=DIRECTIONAL ok=1
Cmd: compileSnippet
  api=5 type=0 insize=3732 outsize=3238 kw=SPOT ok=1
Cmd: compileSnippet
  api=5 type=0 insize=3732 outsize=2793 kw=DIRECTIONAL_COOKIE ok=1
Cmd: compileSnippet
  api=5 type=1 insize=3732 outsize=6 kw=DIRECTIONAL ok=1
Cmd: compileSnippet
  api=5 type=1 insize=3732 outsize=6 kw=DIRECTIONAL_COOKIE ok=1
Cmd: compileSnippet
  api=5 type=1 insize=2890 outsize=6 kw= ok=1
Cmd: compileSnippet
  api=5 type=0 insize=6156 outsize=3598 kw=LIGHTMAP_OFF DIRLIGHTMAP_OFF DYNAMICLIGHTMAP_OFF UNITY_HDR_ON ok=1
Cmd: compileSnippet
  api=5 type=1 insize=6156 outsize=6 kw=LIGHTMAP_OFF DIRLIGHTMAP_OFF DYNAMICLIGHTMAP_OFF UNITY_HDR_ON ok=1
Cmd: compileSnippet
  api=5 type=0 insize=6087 outsize=3505 kw=LIGHTMAP_OFF DIRLIGHTMAP_OFF DYNAMICLIGHTMAP_OFF UNITY_HDR_ON ok=1
Cmd: compileSnippet
  api=5 type=1 insize=6087 outsize=6 kw=LIGHTMAP_OFF DIRLIGHTMAP_OFF DYNAMICLIGHTMAP_OFF UNITY_HDR_ON ok=1
Cmd: compileSnippet
  api=5 type=0 insize=808 outsize=848 kw=GLOW11_GLOW_MAINTEX GLOW11_MULTIPLY_GLOWCOLOR ok=1
Cmd: compileSnippet
  api=5 type=0 insize=808 outsize=853 kw=GLOW11_GLOW_MAINTEX GLOW11_MULTIPLY_VERT ok=1
Cmd: compileSnippet
  api=5 type=0 insize=808 outsize=1088 kw=GLOW11_GLOW_MAINTEX GLOW11_MULTIPLY_ILLUMTEX_ALPHA ok=1
Cmd: compileSnippet
  api=5 type=0 insize=808 outsize=511 kw=NO_MULTIPLY GLOW11_GLOW_MAINCOLOR ok=1
Cmd: compileSnippet
  api=5 type=0 insize=808 outsize=561 kw=GLOW11_MULTIPLY_VERT GLOW11_GLOW_MAINCOLOR ok=1
Cmd: compileSnippet
  api=5 type=0 insize=808 outsize=832 kw=GLOW11_MULTIPLY_ILLUMTEX_ALPHA GLOW11_GLOW_MAINCOLOR ok=1
Cmd: compileSnippet
  api=5 type=0 insize=808 outsize=803 kw=NO_MULTIPLY GLOW11_GLOW_GLOWTEX ok=1
Cmd: compileSnippet
  api=5 type=0 insize=808 outsize=855 kw=GLOW11_MULTIPLY_VERT_ALPHA GLOW11_GLOW_GLOWTEX ok=1
Cmd: compileSnippet
  api=5 type=0 insize=808 outsize=1088 kw=GLOW11_MULTIPLY_ILLUMTEX_ALPHA GLOW11_GLOW_GLOWTEX ok=1
Cmd: compileSnippet
  api=5 type=0 insize=808 outsize=838 kw=GLOW11_MULTIPLY_GLOWCOLOR GLOW11_GLOW_ILLUMTEX ok=1
Cmd: compileSnippet
  api=5 type=0 insize=808 outsize=845 kw=GLOW11_MULTIPLY_VERT_ALPHA GLOW11_GLOW_ILLUMTEX ok=1
Cmd: compileSnippet
  api=5 type=0 insize=808 outsize=854 kw=GLOW11_MULTIPLY_ILLUMTEX_ALPHA GLOW11_GLOW_ILLUMTEX ok=1
Cmd: compileSnippet
  api=5 type=0 insize=808 outsize=519 kw=NO_MULTIPLY GLOW11_GLOW_GLOWCOLOR ok=1
Cmd: compileSnippet
  api=5 type=0 insize=808 outsize=571 kw=GLOW11_MULTIPLY_VERT_ALPHA GLOW11_GLOW_GLOWCOLOR ok=1
Cmd: compileSnippet
  api=5 type=0 insize=808 outsize=840 kw=GLOW11_MULTIPLY_ILLUMTEX_ALPHA GLOW11_GLOW_GLOWCOLOR ok=1
Cmd: compileSnippet
  api=5 type=0 insize=808 outsize=455 kw=NO_MULTIPLY GLOW11_GLOW_VERTEXCOLOR ok=1
Cmd: compileSnippet
  api=5 type=0 insize=808 outsize=471 kw=GLOW11_MULTIPLY_VERT_ALPHA GLOW11_GLOW_VERTEXCOLOR ok=1
Cmd: compileSnippet
  api=5 type=0 insize=808 outsize=689 kw=GLOW11_MULTIPLY_MAINTEX_ALPHA GLOW11_GLOW_VERTEXCOLOR ok=1
Cmd: compileSnippet
  api=5 type=1 insize=808 outsize=6 kw=GLOW11_GLOW_MAINTEX GLOW11_MULTIPLY_GLOWCOLOR ok=1
Cmd: compileSnippet
  api=5 type=1 insize=808 outsize=6 kw=GLOW11_GLOW_MAINTEX GLOW11_MULTIPLY_VERT ok=1
Cmd: compileSnippet
  api=5 type=1 insize=808 outsize=6 kw=GLOW11_GLOW_MAINTEX GLOW11_MULTIPLY_VERT_ALPHA ok=1
Cmd: compileSnippet
  api=5 type=1 insize=808 outsize=6 kw=GLOW11_MULTIPLY_VERT GLOW11_GLOW_MAINCOLOR ok=1
Cmd: compileSnippet
  api=5 type=1 insize=808 outsize=6 kw=GLOW11_MULTIPLY_ILLUMTEX_ALPHA GLOW11_GLOW_MAINCOLOR ok=1
Cmd: compileSnippet
  api=5 type=1 insize=808 outsize=6 kw=GLOW11_MULTIPLY_MAINTEX_ALPHA GLOW11_GLOW_MAINCOLOR ok=1
Cmd: compileSnippet
  api=5 type=1 insize=808 outsize=6 kw=GLOW11_MULTIPLY_GLOWCOLOR GLOW11_GLOW_GLOWTEX ok=1
Cmd: compileSnippet
  api=5 type=1 insize=808 outsize=6 kw=GLOW11_MULTIPLY_VERT_ALPHA GLOW11_GLOW_GLOWTEX ok=1
Cmd: compileSnippet
  api=5 type=1 insize=808 outsize=6 kw=GLOW11_MULTIPLY_ILLUMTEX_ALPHA GLOW11_GLOW_ILLUMTEX ok=1
Cmd: compileSnippet
  api=5 type=1 insize=808 outsize=6 kw=NO_MULTIPLY GLOW11_GLOW_GLOWCOLOR ok=1
Cmd: compileSnippet
  api=5 type=1 insize=808 outsize=6 kw=GLOW11_MULTIPLY_VERT GLOW11_GLOW_GLOWCOLOR ok=1
Cmd: compileSnippet
  api=5 type=1 insize=808 outsize=6 kw=GLOW11_MULTIPLY_VERT_ALPHA GLOW11_GLOW_GLOWCOLOR ok=1
Cmd: compileSnippet
  api=5 type=1 insize=808 outsize=6 kw=NO_MULTIPLY GLOW11_GLOW_VERTEXCOLOR ok=1
Cmd: compileSnippet
  api=5 type=1 insize=808 outsize=6 kw=GLOW11_MULTIPLY_ILLUMTEX_ALPHA GLOW11_GLOW_VERTEXCOLOR ok=1
Cmd: compileSnippet
  api=5 type=0 insize=812 outsize=927 kw=GLOW11_GLOW_MAINTEX GLOW11_MULTIPLY_GLOWCOLOR ok=1
Cmd: compileSnippet
  api=5 type=0 insize=812 outsize=932 kw=GLOW11_GLOW_MAINTEX GLOW11_MULTIPLY_VERT ok=1
Cmd: compileSnippet
  api=5 type=0 insize=812 outsize=943 kw=GLOW11_GLOW_MAINTEX GLOW11_MULTIPLY_MAINTEX_ALPHA ok=1
Cmd: compileSnippet
  api=5 type=0 insize=812 outsize=817 kw=NO_MULTIPLY GLOW11_GLOW_MAINCOLOR ok=1
Cmd: compileSnippet
  api=5 type=0 insize=812 outsize=867 kw=GLOW11_MULTIPLY_VERT GLOW11_GLOW_MAINCOLOR ok=1
Cmd: compileSnippet
  api=5 type=0 insize=812 outsize=1102 kw=GLOW11_MULTIPLY_ILLUMTEX_ALPHA GLOW11_GLOW_MAINCOLOR ok=1
Cmd: compileSnippet
  api=5 type=0 insize=812 outsize=1118 kw=GLOW11_MULTIPLY_GLOWCOLOR GLOW11_GLOW_GLOWTEX ok=1
Cmd: compileSnippet
  api=5 type=0 insize=812 outsize=1125 kw=GLOW11_MULTIPLY_VERT_ALPHA GLOW11_GLOW_GLOWTEX ok=1
Cmd: compileSnippet
  api=5 type=0 insize=812 outsize=1133 kw=GLOW11_MULTIPLY_MAINTEX_ALPHA GLOW11_GLOW_GLOWTEX ok=1
Cmd: compileSnippet
  api=5 type=0 insize=812 outsize=1108 kw=GLOW11_MULTIPLY_GLOWCOLOR GLOW11_GLOW_ILLUMTEX ok=1
Cmd: compileSnippet
  api=5 type=0 insize=812 outsize=1115 kw=GLOW11_MULTIPLY_VERT_ALPHA GLOW11_GLOW_ILLUMTEX ok=1
Cmd: compileSnippet
  api=5 type=0 insize=812 outsize=1123 kw=GLOW11_MULTIPLY_MAINTEX_ALPHA GLOW11_GLOW_ILLUMTEX ok=1
Cmd: compileSnippet
  api=5 type=0 insize=812 outsize=840 kw=GLOW11_MULTIPLY_GLOWCOLOR GLOW11_GLOW_GLOWCOLOR ok=1
Cmd: compileSnippet
  api=5 type=0 insize=812 outsize=877 kw=GLOW11_MULTIPLY_VERT_ALPHA GLOW11_GLOW_GLOWCOLOR ok=1
Cmd: compileSnippet
  api=5 type=0 insize=812 outsize=885 kw=GLOW11_MULTIPLY_MAINTEX_ALPHA GLOW11_GLOW_GLOWCOLOR ok=1
Cmd: compileSnippet
  api=5 type=0 insize=812 outsize=852 kw=GLOW11_MULTIPLY_GLOWCOLOR GLOW11_GLOW_VERTEXCOLOR ok=1
Cmd: compileSnippet
  api=5 type=0 insize=812 outsize=823 kw=GLOW11_MULTIPLY_VERT_ALPHA GLOW11_GLOW_VERTEXCOLOR ok=1
Cmd: compileSnippet
  api=5 type=0 insize=812 outsize=867 kw=GLOW11_MULTIPLY_MAINTEX_ALPHA GLOW11_GLOW_VERTEXCOLOR ok=1
Cmd: compileSnippet
  api=5 type=1 insize=812 outsize=6 kw=GLOW11_GLOW_MAINTEX GLOW11_MULTIPLY_GLOWCOLOR ok=1
Cmd: compileSnippet
  api=5 type=1 insize=812 outsize=6 kw=GLOW11_GLOW_MAINTEX GLOW11_MULTIPLY_VERT_ALPHA ok=1
Cmd: compileSnippet
  api=5 type=1 insize=812 outsize=6 kw=GLOW11_MULTIPLY_ILLUMTEX_ALPHA GLOW11_GLOW_MAINCOLOR ok=1
Cmd: compileSnippet
  api=5 type=1 insize=812 outsize=6 kw=NO_MULTIPLY GLOW11_GLOW_GLOWTEX ok=1
Cmd: compileSnippet
  api=5 type=1 insize=812 outsize=6 kw=GLOW11_MULTIPLY_VERT GLOW11_GLOW_GLOWTEX ok=1
Cmd: compileSnippet
  api=5 type=1 insize=812 outsize=6 kw=NO_MULTIPLY GLOW11_GLOW_ILLUMTEX ok=1
Cmd: compileSnippet
  api=5 type=1 insize=812 outsize=6 kw=GLOW11_MULTIPLY_VERT GLOW11_GLOW_ILLUMTEX ok=1
Cmd: compileSnippet
  api=5 type=1 insize=812 outsize=6 kw=GLOW11_MULTIPLY_VERT_ALPHA GLOW11_GLOW_ILLUMTEX ok=1
Cmd: compileSnippet
  api=5 type=1 insize=812 outsize=6 kw=GLOW11_MULTIPLY_GLOWCOLOR GLOW11_GLOW_GLOWCOLOR ok=1
Cmd: compileSnippet
  api=5 type=1 insize=812 outsize=6 kw=GLOW11_MULTIPLY_VERT_ALPHA GLOW11_GLOW_GLOWCOLOR ok=1
Cmd: compileSnippet
  api=5 type=1 insize=812 outsize=6 kw=GLOW11_MULTIPLY_ILLUMTEX_ALPHA GLOW11_GLOW_GLOWCOLOR ok=1
Cmd: compileSnippet
  api=5 type=1 insize=812 outsize=6 kw=GLOW11_MULTIPLY_MAINTEX_ALPHA GLOW11_GLOW_GLOWCOLOR ok=1
Cmd: compileSnippet
  api=5 type=1 insize=812 outsize=6 kw=NO_MULTIPLY GLOW11_GLOW_VERTEXCOLOR ok=1
Cmd: compileSnippet
  api=5 type=1 insize=812 outsize=6 kw=GLOW11_MULTIPLY_GLOWCOLOR GLOW11_GLOW_VERTEXCOLOR ok=1
Cmd: compileSnippet
  api=5 type=1 insize=812 outsize=6 kw=GLOW11_MULTIPLY_VERT GLOW11_GLOW_VERTEXCOLOR ok=1
Cmd: compileSnippet
  api=5 type=1 insize=812 outsize=6 kw=GLOW11_MULTIPLY_VERT_ALPHA GLOW11_GLOW_VERTEXCOLOR ok=1
Cmd: compileSnippet
  api=5 type=1 insize=812 outsize=6 kw=GLOW11_MULTIPLY_ILLUMTEX_ALPHA GLOW11_GLOW_VERTEXCOLOR ok=1
Cmd: compileSnippet
  api=5 type=1 insize=812 outsize=6 kw=GLOW11_MULTIPLY_MAINTEX_ALPHA GLOW11_GLOW_VERTEXCOLOR ok=1
Cmd: compileSnippet
  api=5 type=0 insize=848 outsize=927 kw=GLOW11_GLOW_MAINTEX GLOW11_MULTIPLY_GLOWCOLOR ok=1
Cmd: compileSnippet
  api=5 type=0 insize=848 outsize=934 kw=GLOW11_GLOW_MAINTEX GLOW11_MULTIPLY_VERT_ALPHA ok=1
Cmd: compileSnippet
  api=5 type=0 insize=848 outsize=943 kw=GLOW11_GLOW_MAINTEX GLOW11_MULTIPLY_MAINTEX_ALPHA ok=1
Cmd: compileSnippet
  api=5 type=0 insize=848 outsize=862 kw=GLOW11_MULTIPLY_GLOWCOLOR GLOW11_GLOW_MAINCOLOR ok=1
Cmd: compileSnippet
  api=5 type=0 insize=848 outsize=869 kw=GLOW11_MULTIPLY_VERT_ALPHA GLOW11_GLOW_MAINCOLOR ok=1
Cmd: compileSnippet
  api=5 type=0 insize=848 outsize=877 kw=GLOW11_MULTIPLY_MAINTEX_ALPHA GLOW11_GLOW_MAINCOLOR ok=1
Cmd: compileSnippet
  api=5 type=0 insize=848 outsize=1118 kw=GLOW11_MULTIPLY_GLOWCOLOR GLOW11_GLOW_GLOWTEX ok=1
Cmd: compileSnippet
  api=5 type=0 insize=848 outsize=1125 kw=GLOW11_MULTIPLY_VERT_ALPHA GLOW11_GLOW_GLOWTEX ok=1
Cmd: compileSnippet
  api=5 type=0 insize=848 outsize=1133 kw=GLOW11_MULTIPLY_MAINTEX_ALPHA GLOW11_GLOW_GLOWTEX ok=1
Cmd: compileSnippet
  api=5 type=0 insize=848 outsize=1108 kw=GLOW11_MULTIPLY_GLOWCOLOR GLOW11_GLOW_ILLUMTEX ok=1
Cmd: compileSnippet
  api=5 type=0 insize=848 outsize=1115 kw=GLOW11_MULTIPLY_VERT_ALPHA GLOW11_GLOW_ILLUMTEX ok=1
Cmd: compileSnippet
  api=5 type=0 insize=848 outsize=1123 kw=GLOW11_MULTIPLY_MAINTEX_ALPHA GLOW11_GLOW_ILLUMTEX ok=1
Cmd: compileSnippet
  api=5 type=0 insize=848 outsize=840 kw=GLOW11_MULTIPLY_GLOWCOLOR GLOW11_GLOW_GLOWCOLOR ok=1
Cmd: compileSnippet
  api=5 type=0 insize=848 outsize=877 kw=GLOW11_MULTIPLY_VERT_ALPHA GLOW11_GLOW_GLOWCOLOR ok=1
Cmd: compileSnippet
  api=5 type=0 insize=848 outsize=885 kw=GLOW11_MULTIPLY_MAINTEX_ALPHA GLOW11_GLOW_GLOWCOLOR ok=1
Cmd: compileSnippet
  api=5 type=0 insize=848 outsize=807 kw=NO_MULTIPLY GLOW11_GLOW_VERTEXCOLOR ok=1
Cmd: compileSnippet
  api=5 type=0 insize=848 outsize=823 kw=GLOW11_MULTIPLY_VERT_ALPHA GLOW11_GLOW_VERTEXCOLOR ok=1
Cmd: compileSnippet
  api=5 type=0 insize=848 outsize=867 kw=GLOW11_MULTIPLY_MAINTEX_ALPHA GLOW11_GLOW_VERTEXCOLOR ok=1
Cmd: compileSnippet
  api=5 type=1 insize=848 outsize=6 kw=GLOW11_GLOW_MAINTEX GLOW11_MULTIPLY_GLOWCOLOR ok=1
Cmd: compileSnippet
  api=5 type=1 insize=848 outsize=6 kw=GLOW11_GLOW_MAINTEX GLOW11_MULTIPLY_VERT ok=1
Cmd: compileSnippet
  api=5 type=1 insize=848 outsize=6 kw=GLOW11_GLOW_MAINTEX GLOW11_MULTIPLY_VERT_ALPHA ok=1
Cmd: compileSnippet
  api=5 type=1 insize=848 outsize=6 kw=GLOW11_GLOW_MAINTEX GLOW11_MULTIPLY_ILLUMTEX_ALPHA ok=1
Cmd: compileSnippet
  api=5 type=1 insize=848 outsize=6 kw=GLOW11_GLOW_MAINTEX GLOW11_MULTIPLY_MAINTEX_ALPHA ok=1
Cmd: compileSnippet
  api=5 type=1 insize=848 outsize=6 kw=NO_MULTIPLY GLOW11_GLOW_MAINCOLOR ok=1
Cmd: compileSnippet
  api=5 type=1 insize=848 outsize=6 kw=GLOW11_MULTIPLY_GLOWCOLOR GLOW11_GLOW_MAINCOLOR ok=1
Cmd: compileSnippet
  api=5 type=1 insize=848 outsize=6 kw=GLOW11_MULTIPLY_VERT_ALPHA GLOW11_GLOW_GLOWTEX ok=1
Cmd: compileSnippet
  api=5 type=1 insize=848 outsize=6 kw=GLOW11_MULTIPLY_MAINTEX_ALPHA GLOW11_GLOW_GLOWTEX ok=1
Cmd: compileSnippet
  api=5 type=1 insize=848 outsize=6 kw=GLOW11_MULTIPLY_ILLUMTEX_ALPHA GLOW11_GLOW_ILLUMTEX ok=1
Cmd: compileSnippet
  api=5 type=1 insize=848 outsize=6 kw=NO_MULTIPLY GLOW11_GLOW_VERTEXCOLOR ok=1
Cmd: compileSnippet
  api=5 type=1 insize=848 outsize=6 kw=GLOW11_MULTIPLY_VERT GLOW11_GLOW_VERTEXCOLOR ok=1
Cmd: compileSnippet
  api=5 type=1 insize=848 outsize=6 kw=GLOW11_MULTIPLY_ILLUMTEX_ALPHA GLOW11_GLOW_VERTEXCOLOR ok=1
Cmd: compileSnippet
  api=5 type=0 insize=609 outsize=761 kw=SHADOWS_CUBE ok=1
Cmd: compileSnippet
  api=5 type=1 insize=609 outsize=6 kw=SHADOWS_CUBE ok=1
Cmd: compileSnippet
  api=5 type=0 insize=694 outsize=2756 kw=SHADOWS_NATIVE ok=1
Cmd: compileSnippet
  api=5 type=0 insize=694 outsize=3413 kw=SHADOWS_SPLIT_SPHERES SHADOWS_NONATIVE ok=1
Cmd: compileSnippet
  api=5 type=0 insize=694 outsize=3394 kw=SHADOWS_SPLIT_SPHERES SHADOWS_NATIVE ok=1
Cmd: compileSnippet
  api=5 type=0 insize=694 outsize=3413 kw=SHADOWS_SPLIT_SPHERES SHADOWS_SINGLE_CASCADE SHADOWS_NONATIVE ok=1
Cmd: compileSnippet
  api=5 type=1 insize=694 outsize=6 kw=SHADOWS_NATIVE ok=1
Cmd: compileSnippet
  api=5 type=1 insize=694 outsize=6 kw=SHADOWS_SPLIT_SPHERES SHADOWS_NONATIVE ok=1
Cmd: compileSnippet
  api=5 type=1 insize=694 outsize=6 kw=SHADOWS_SPLIT_SPHERES SHADOWS_NATIVE ok=1
Cmd: compileSnippet
  api=5 type=1 insize=694 outsize=6 kw=SHADOWS_SINGLE_CASCADE SHADOWS_NONATIVE ok=1
Cmd: compileSnippet
  api=5 type=1 insize=694 outsize=6 kw=SHADOWS_NATIVE SHADOWS_SINGLE_CASCADE ok=1
Cmd: compileSnippet
  api=5 type=1 insize=694 outsize=6 kw=SHADOWS_SPLIT_SPHERES SHADOWS_SINGLE_CASCADE SHADOWS_NONATIVE ok=1
Cmd: compileSnippet
  api=5 type=1 insize=694 outsize=6 kw=SHADOWS_SPLIT_SPHERES SHADOWS_NATIVE SHADOWS_SINGLE_CASCADE ok=1
Cmd: compileSnippet
  api=5 type=0 insize=541 outsize=761 kw=SHADOWS_CUBE ok=1
Cmd: compileSnippet
  api=5 type=1 insize=541 outsize=6 kw=SHADOWS_CUBE ok=1
Cmd: compileSnippet
  api=5 type=0 insize=6810 outsize=4141 kw=DIRECTIONAL SHADOWS_SCREEN LIGHTMAP_OFF DIRLIGHTMAP_OFF DYNAMICLIGHTMAP_OFF ok=1
Cmd: compileSnippet
  api=5 type=0 insize=6810 outsize=4868 kw=DIRECTIONAL SHADOWS_OFF LIGHTMAP_OFF DIRLIGHTMAP_OFF DYNAMICLIGHTMAP_OFF VERTEXLIGHT_ON ok=1
Cmd: compileSnippet
  api=5 type=0 insize=6810 outsize=4165 kw=DIRECTIONAL SHADOWS_SCREEN SHADOWS_NATIVE LIGHTMAP_OFF DIRLIGHTMAP_OFF DYNAMICLIGHTMAP_OFF ok=1
Cmd: compileSnippet
  api=5 type=1 insize=6810 outsize=6 kw=DIRECTIONAL SHADOWS_SCREEN LIGHTMAP_OFF DIRLIGHTMAP_OFF DYNAMICLIGHTMAP_OFF ok=1
Cmd: compileSnippet
  api=5 type=0 insize=3647 outsize=2362 kw=DIRECTIONAL ok=1
Cmd: compileSnippet
  api=5 type=0 insize=3647 outsize=3238 kw=SPOT ok=1
Cmd: compileSnippet
  api=5 type=0 insize=3647 outsize=2793 kw=DIRECTIONAL_COOKIE ok=1
Cmd: compileSnippet
  api=5 type=1 insize=3647 outsize=6 kw=DIRECTIONAL ok=1
Cmd: compileSnippet
  api=5 type=1 insize=3647 outsize=6 kw=SPOT ok=1
Cmd: compileSnippet
  api=5 type=1 insize=3647 outsize=6 kw=POINT_COOKIE ok=1
Cmd: compileSnippet
  api=5 type=1 insize=3647 outsize=6 kw=DIRECTIONAL_COOKIE ok=1
Cmd: compileSnippet
  api=5 type=0 insize=5974 outsize=3452 kw=LIGHTMAP_OFF DIRLIGHTMAP_OFF DYNAMICLIGHTMAP_OFF UNITY_HDR_ON ok=1
Cmd: compileSnippet
  api=5 type=1 insize=5974 outsize=6 kw=LIGHTMAP_OFF DIRLIGHTMAP_OFF DYNAMICLIGHTMAP_OFF UNITY_HDR_ON ok=1
Cmd: compileSnippet
  api=5 type=0 insize=5928 outsize=3396 kw=LIGHTMAP_OFF DIRLIGHTMAP_OFF DYNAMICLIGHTMAP_OFF UNITY_HDR_ON ok=1
Cmd: compileSnippet
  api=5 type=1 insize=5928 outsize=6 kw=LIGHTMAP_OFF DIRLIGHTMAP_OFF DYNAMICLIGHTMAP_OFF UNITY_HDR_ON ok=1
Cmd: compileSnippet
  api=5 type=0 insize=1275 outsize=3420 kw=DIRECTIONAL SHADOWS_OFF ok=1
Cmd: compileSnippet
  api=5 type=0 insize=1275 outsize=4181 kw=SPOT SHADOWS_OFF ok=1
Cmd: compileSnippet
  api=5 type=0 insize=1275 outsize=3765 kw=DIRECTIONAL_COOKIE SHADOWS_OFF ok=1
Cmd: compileSnippet
  api=5 type=0 insize=1275 outsize=3902 kw=DIRECTIONAL SHADOWS_SCREEN ok=1
Cmd: compileSnippet
  api=5 type=0 insize=1275 outsize=4466 kw=POINT SHADOWS_CUBE ok=1
Cmd: compileSnippet
  api=5 type=0 insize=1275 outsize=6481 kw=SPOT SHADOWS_DEPTH SHADOWS_SOFT SHADOWS_NONATIVE ok=1
Cmd: compileSnippet
  api=5 type=0 insize=1275 outsize=5843 kw=POINT SHADOWS_CUBE SHADOWS_SOFT ok=1
Cmd: compileSnippet
  api=5 type=0 insize=1275 outsize=3902 kw=DIRECTIONAL SHADOWS_SCREEN SHADOWS_NATIVE ok=1
Cmd: compileSnippet
  api=5 type=1 insize=1275 outsize=6 kw=DIRECTIONAL SHADOWS_OFF ok=1
Cmd: compileSnippet
  api=5 type=1 insize=1275 outsize=6 kw=POINT SHADOWS_CUBE ok=1
Cmd: compileSnippet
  api=5 type=1 insize=1275 outsize=6 kw=POINT_COOKIE SHADOWS_CUBE ok=1
Cmd: compileSnippet
  api=5 type=1 insize=1275 outsize=6 kw=POINT SHADOWS_CUBE SHADOWS_SOFT ok=1
Cmd: compileSnippet
  api=5 type=1 insize=1275 outsize=6 kw=DIRECTIONAL SHADOWS_SCREEN SHADOWS_NATIVE ok=1
Cmd: compileSnippet
  api=5 type=1 insize=1275 outsize=6 kw=DIRECTIONAL_COOKIE SHADOWS_SCREEN SHADOWS_NATIVE ok=1
Cmd: compileSnippet
  api=5 type=0 insize=1268 outsize=3360 kw=DIRECTIONAL SHADOWS_OFF ok=1
Cmd: compileSnippet
  api=5 type=0 insize=1268 outsize=4121 kw=SPOT SHADOWS_OFF ok=1
Cmd: compileSnippet
  api=5 type=0 insize=1268 outsize=3705 kw=DIRECTIONAL_COOKIE SHADOWS_OFF ok=1
Cmd: compileSnippet
  api=5 type=0 insize=1268 outsize=5069 kw=SPOT SHADOWS_DEPTH SHADOWS_NATIVE ok=1
Cmd: compileSnippet
  api=5 type=0 insize=1268 outsize=4131 kw=DIRECTIONAL_COOKIE SHADOWS_SCREEN ok=1
Cmd: compileSnippet
  api=5 type=0 insize=1268 outsize=4705 kw=POINT_COOKIE SHADOWS_CUBE ok=1
Cmd: compileSnippet
  api=5 type=0 insize=1268 outsize=5913 kw=SPOT SHADOWS_DEPTH SHADOWS_SOFT SHADOWS_NATIVE ok=1
Cmd: compileSnippet
  api=5 type=0 insize=1268 outsize=6082 kw=POINT_COOKIE SHADOWS_CUBE SHADOWS_SOFT ok=1
Cmd: compileSnippet
  api=5 type=0 insize=1268 outsize=4131 kw=DIRECTIONAL_COOKIE SHADOWS_SCREEN SHADOWS_NATIVE ok=1
Cmd: compileSnippet
  api=5 type=1 insize=1268 outsize=6 kw=DIRECTIONAL SHADOWS_OFF ok=1
Cmd: compileSnippet
  api=5 type=1 insize=1268 outsize=6 kw=POINT_COOKIE SHADOWS_OFF ok=1
Cmd: compileSnippet
  api=5 type=1 insize=1268 outsize=6 kw=SPOT SHADOWS_DEPTH SHADOWS_NONATIVE ok=1
Cmd: compileSnippet
  api=5 type=1 insize=1268 outsize=6 kw=DIRECTIONAL SHADOWS_SCREEN ok=1
Cmd: compileSnippet
  api=5 type=1 insize=1268 outsize=6 kw=POINT SHADOWS_CUBE ok=1
Cmd: compileSnippet
  api=5 type=1 insize=1268 outsize=6 kw=SPOT SHADOWS_DEPTH SHADOWS_SOFT SHADOWS_NATIVE ok=1
Cmd: compileSnippet
  api=5 type=1 insize=1268 outsize=6 kw=POINT SHADOWS_CUBE SHADOWS_SOFT ok=1
Cmd: compileSnippet
  api=5 type=1 insize=1268 outsize=6 kw=DIRECTIONAL SHADOWS_SCREEN SHADOWS_NATIVE ok=1
Cmd: compileSnippet
  api=5 type=1 insize=1268 outsize=6 kw=DIRECTIONAL_COOKIE SHADOWS_SCREEN SHADOWS_NATIVE ok=1
Cmd: compileSnippet
  api=5 type=0 insize=1273 outsize=3365 kw=DIRECTIONAL SHADOWS_OFF ok=1
Cmd: compileSnippet
  api=5 type=0 insize=1273 outsize=4084 kw=POINT_COOKIE SHADOWS_OFF ok=1
Cmd: compileSnippet
  api=5 type=0 insize=1273 outsize=5011 kw=SPOT SHADOWS_DEPTH SHADOWS_NONATIVE ok=1
Cmd: compileSnippet
  api=5 type=0 insize=1273 outsize=3847 kw=DIRECTIONAL SHADOWS_SCREEN ok=1
Cmd: compileSnippet
  api=5 type=0 insize=1273 outsize=4411 kw=POINT SHADOWS_CUBE ok=1
Cmd: compileSnippet
  api=5 type=0 insize=1273 outsize=6426 kw=SPOT SHADOWS_DEPTH SHADOWS_SOFT SHADOWS_NONATIVE ok=1
Cmd: compileSnippet
  api=5 type=0 insize=1273 outsize=5788 kw=POINT SHADOWS_CUBE SHADOWS_SOFT ok=1
Cmd: compileSnippet
  api=5 type=0 insize=1273 outsize=3847 kw=DIRECTIONAL SHADOWS_SCREEN SHADOWS_NATIVE ok=1
Cmd: compileSnippet
  api=5 type=1 insize=1273 outsize=6 kw=DIRECTIONAL SHADOWS_OFF ok=1
Cmd: compileSnippet
  api=5 type=1 insize=1273 outsize=6 kw=SPOT SHADOWS_OFF ok=1
Cmd: compileSnippet
  api=5 type=1 insize=1273 outsize=6 kw=POINT_COOKIE SHADOWS_OFF ok=1
Cmd: compileSnippet
  api=5 type=1 insize=1273 outsize=6 kw=DIRECTIONAL_COOKIE SHADOWS_OFF ok=1
Cmd: compileSnippet
  api=5 type=1 insize=1273 outsize=6 kw=SPOT SHADOWS_DEPTH SHADOWS_NONATIVE ok=1
Cmd: compileSnippet
  api=5 type=1 insize=1273 outsize=6 kw=SPOT SHADOWS_DEPTH SHADOWS_NATIVE ok=1
Cmd: compileSnippet
  api=5 type=1 insize=1273 outsize=6 kw=DIRECTIONAL SHADOWS_SCREEN ok=1
Cmd: compileSnippet
  api=5 type=1 insize=1273 outsize=6 kw=DIRECTIONAL_COOKIE SHADOWS_SCREEN ok=1
Cmd: compileSnippet
  api=5 type=1 insize=1273 outsize=6 kw=POINT SHADOWS_CUBE ok=1
Cmd: compileSnippet
  api=5 type=1 insize=1273 outsize=6 kw=POINT_COOKIE SHADOWS_CUBE ok=1
Cmd: compileSnippet
  api=5 type=1 insize=1273 outsize=6 kw=SPOT SHADOWS_DEPTH SHADOWS_SOFT SHADOWS_NONATIVE ok=1
Cmd: compileSnippet
  api=5 type=1 insize=1273 outsize=6 kw=SPOT SHADOWS_DEPTH SHADOWS_SOFT SHADOWS_NATIVE ok=1
Cmd: compileSnippet
  api=5 type=1 insize=1273 outsize=6 kw=POINT SHADOWS_CUBE SHADOWS_SOFT ok=1
Cmd: compileSnippet
  api=5 type=1 insize=1273 outsize=6 kw=POINT_COOKIE SHADOWS_CUBE SHADOWS_SOFT ok=1
Cmd: compileSnippet
  api=5 type=1 insize=1273 outsize=6 kw=DIRECTIONAL SHADOWS_SCREEN SHADOWS_NATIVE ok=1
Cmd: compileSnippet
  api=5 type=1 insize=1273 outsize=6 kw=DIRECTIONAL_COOKIE SHADOWS_SCREEN SHADOWS_NATIVE ok=1
Cmd: compileSnippet
  api=5 type=0 insize=1934 outsize=3507 kw=DIRECTIONAL SHADOWS_OFF ok=1
Cmd: compileSnippet
  api=5 type=0 insize=1934 outsize=4310 kw=SPOT SHADOWS_OFF ok=1
Cmd: compileSnippet
  api=5 type=0 insize=1934 outsize=3895 kw=DIRECTIONAL_COOKIE SHADOWS_OFF ok=1
Cmd: compileSnippet
  api=5 type=0 insize=1934 outsize=5432 kw=SPOT SHADOWS_DEPTH SHADOWS_NATIVE ok=1
Cmd: compileSnippet
  api=5 type=0 insize=1934 outsize=4444 kw=DIRECTIONAL_COOKIE SHADOWS_SCREEN ok=1
Cmd: compileSnippet
  api=5 type=0 insize=1934 outsize=4844 kw=POINT_COOKIE SHADOWS_CUBE ok=1
Cmd: compileSnippet
  api=5 type=0 insize=1934 outsize=6276 kw=SPOT SHADOWS_DEPTH SHADOWS_SOFT SHADOWS_NATIVE ok=1
Cmd: compileSnippet
  api=5 type=0 insize=1934 outsize=6221 kw=POINT_COOKIE SHADOWS_CUBE SHADOWS_SOFT ok=1
Cmd: compileSnippet
  api=5 type=0 insize=1934 outsize=4444 kw=DIRECTIONAL_COOKIE SHADOWS_SCREEN SHADOWS_NATIVE ok=1
Cmd: compileSnippet
  api=5 type=0 insize=1934 outsize=3399 kw=DIRECTIONAL SHADOWS_OFF UNITY_HDR_ON ok=1
Cmd: compileSnippet
  api=5 type=0 insize=1934 outsize=4159 kw=POINT_COOKIE SHADOWS_OFF UNITY_HDR_ON ok=1
Cmd: compileSnippet
  api=5 type=0 insize=1934 outsize=5255 kw=SPOT SHADOWS_DEPTH UNITY_HDR_ON SHADOWS_NONATIVE ok=1
Cmd: compileSnippet
  api=5 type=0 insize=1934 outsize=4096 kw=DIRECTIONAL SHADOWS_SCREEN UNITY_HDR_ON ok=1
Cmd: compileSnippet
  api=5 type=0 insize=1934 outsize=4436 kw=POINT SHADOWS_CUBE UNITY_HDR_ON ok=1
Cmd: compileSnippet
  api=5 type=0 insize=1934 outsize=6670 kw=SPOT SHADOWS_DEPTH SHADOWS_SOFT UNITY_HDR_ON SHADOWS_NONATIVE ok=1
Cmd: compileSnippet
  api=5 type=0 insize=1934 outsize=5813 kw=POINT SHADOWS_CUBE SHADOWS_SOFT UNITY_HDR_ON ok=1
Cmd: compileSnippet
  api=5 type=0 insize=1934 outsize=4096 kw=DIRECTIONAL SHADOWS_SCREEN SHADOWS_NATIVE UNITY_HDR_ON ok=1
Cmd: compileSnippet
  api=5 type=1 insize=1934 outsize=6 kw=DIRECTIONAL SHADOWS_OFF ok=1
Cmd: compileSnippet
  api=5 type=1 insize=1934 outsize=6 kw=SPOT SHADOWS_OFF ok=1
Cmd: compileSnippet
  api=5 type=1 insize=1934 outsize=6 kw=POINT_COOKIE SHADOWS_OFF ok=1
Cmd: compileSnippet
  api=5 type=1 insize=1934 outsize=6 kw=DIRECTIONAL_COOKIE SHADOWS_OFF ok=1
Cmd: compileSnippet
  api=5 type=1 insize=1934 outsize=6 kw=SPOT SHADOWS_DEPTH SHADOWS_NONATIVE ok=1
Cmd: compileSnippet
  api=5 type=1 insize=1934 outsize=6 kw=SPOT SHADOWS_DEPTH SHADOWS_NATIVE ok=1
Cmd: compileSnippet
  api=5 type=1 insize=1934 outsize=6 kw=DIRECTIONAL SHADOWS_SCREEN ok=1
Cmd: compileSnippet
  api=5 type=1 insize=1934 outsize=6 kw=DIRECTIONAL_COOKIE SHADOWS_SCREEN ok=1
Cmd: compileSnippet
  api=5 type=1 insize=1934 outsize=6 kw=POINT SHADOWS_CUBE ok=1
Cmd: compileSnippet
  api=5 type=1 insize=1934 outsize=6 kw=SPOT SHADOWS_DEPTH SHADOWS_SOFT SHADOWS_NONATIVE ok=1
Cmd: compileSnippet
  api=5 type=1 insize=1934 outsize=6 kw=SPOT SHADOWS_DEPTH SHADOWS_SOFT SHADOWS_NATIVE ok=1
Cmd: compileSnippet
  api=5 type=1 insize=1934 outsize=6 kw=POINT_COOKIE SHADOWS_CUBE SHADOWS_SOFT ok=1
Cmd: compileSnippet
  api=5 type=1 insize=1934 outsize=6 kw=DIRECTIONAL_COOKIE SHADOWS_SCREEN SHADOWS_NATIVE ok=1
Cmd: compileSnippet
  api=5 type=1 insize=1934 outsize=6 kw=POINT SHADOWS_OFF UNITY_HDR_ON ok=1
Cmd: compileSnippet
  api=5 type=1 insize=1934 outsize=6 kw=POINT_COOKIE SHADOWS_OFF UNITY_HDR_ON ok=1
Cmd: compileSnippet
  api=5 type=1 insize=1934 outsize=6 kw=DIRECTIONAL_COOKIE SHADOWS_OFF UNITY_HDR_ON ok=1
Cmd: compileSnippet
  api=5 type=1 insize=1934 outsize=6 kw=SPOT SHADOWS_DEPTH UNITY_HDR_ON SHADOWS_NONATIVE ok=1
Cmd: compileSnippet
  api=5 type=1 insize=1934 outsize=6 kw=SPOT SHADOWS_DEPTH SHADOWS_NATIVE UNITY_HDR_ON ok=1
Cmd: compileSnippet
  api=5 type=1 insize=1934 outsize=6 kw=DIRECTIONAL SHADOWS_SCREEN UNITY_HDR_ON ok=1
Cmd: compileSnippet
  api=5 type=1 insize=1934 outsize=6 kw=DIRECTIONAL_COOKIE SHADOWS_SCREEN UNITY_HDR_ON ok=1
Cmd: compileSnippet
  api=5 type=1 insize=1934 outsize=6 kw=POINT_COOKIE SHADOWS_CUBE UNITY_HDR_ON ok=1
Cmd: compileSnippet
  api=5 type=1 insize=1934 outsize=6 kw=SPOT SHADOWS_DEPTH SHADOWS_SOFT SHADOWS_NATIVE UNITY_HDR_ON ok=1
Cmd: compileSnippet
  api=5 type=1 insize=1934 outsize=6 kw=POINT_COOKIE SHADOWS_CUBE SHADOWS_SOFT UNITY_HDR_ON ok=1
Cmd: compileSnippet
  api=5 type=1 insize=1934 outsize=6 kw=DIRECTIONAL_COOKIE SHADOWS_SCREEN SHADOWS_NATIVE UNITY_HDR_ON ok=1
End of pipe

Quitting shader compiler process
