Base path: /Applications/Unity4/Unity.app/Contents
Pipe name: \\.\pipe\UnityShaderCompiler-1--1589034584
Cmd: getPlatforms
Cmd: preprocess
  insize=2890 outsize=600 ok=1
Cmd: preprocess
  insize=447 outsize=447 ok=1
Cmd: preprocess
  insize=3526 outsize=1206 ok=1
Cmd: preprocess
  insize=384 outsize=384 ok=1
Cmd: preprocess
  insize=894 outsize=894 ok=1
Cmd: preprocess
  insize=1447 outsize=362 ok=1
Cmd: preprocess
  insize=1064 outsize=1592 ok=1
Cmd: preprocess
  insize=818 outsize=1467 ok=1
Cmd: preprocess
  insize=2742 outsize=1344 ok=1
Cmd: preprocess
  insize=1754 outsize=1311 ok=1
Cmd: preprocess
  insize=859 outsize=859 ok=1
Cmd: preprocess
  insize=1491 outsize=1480 ok=1
Cmd: preprocess
  insize=861 outsize=1622 ok=1
Cmd: preprocess
  insize=1165 outsize=1165 ok=1
Cmd: preprocess
  insize=672 outsize=1419 ok=1
Cmd: preprocess
  insize=1004 outsize=1668 ok=1
Cmd: preprocess
  insize=859 outsize=1523 ok=1
Cmd: preprocess
  insize=1028 outsize=1591 ok=1
Cmd: preprocess
  insize=1048 outsize=887 ok=1
Cmd: preprocess
  insize=3999 outsize=2439 ok=1
Cmd: preprocess
  insize=690 outsize=690 ok=1
Cmd: preprocess
  insize=4522 outsize=3206 ok=1
Cmd: preprocess
  insize=1064 outsize=1741 ok=1
Cmd: preprocess
  insize=1496 outsize=1496 ok=1
Cmd: preprocess
  insize=1740 outsize=1312 ok=1
Cmd: preprocess
  insize=1097 outsize=1659 ok=1
Cmd: preprocess
  insize=1063 outsize=1589 ok=1
Cmd: preprocess
  insize=1613 outsize=585 ok=1
Cmd: preprocess
  insize=509 outsize=509 ok=1
Cmd: preprocess
  insize=1375 outsize=1700 ok=1
Cmd: preprocess
  insize=13946 outsize=9067 ok=1
Cmd: preprocess
  insize=1231 outsize=1693 ok=1
Cmd: preprocess
  insize=812 outsize=1339 ok=1
Cmd: preprocess
  insize=2675 outsize=2675 ok=1
Cmd: preprocess
  insize=1242 outsize=1787 ok=1
Cmd: preprocess
  insize=647 outsize=647 ok=1
Cmd: preprocess
  insize=1576 outsize=991 ok=1
Cmd: preprocess
  insize=1861 outsize=1847 ok=1
Cmd: preprocess
  insize=1784 outsize=1056 ok=1
Cmd: preprocess
  insize=1399 outsize=1701 ok=1
Cmd: preprocess
  insize=1313 outsize=1634 ok=1
Cmd: preprocess
  insize=1262 outsize=652 ok=1
Cmd: preprocess
  insize=985 outsize=1326 ok=1
Cmd: preprocess
  insize=1547 outsize=1742 ok=1
Cmd: preprocess
  insize=1146 outsize=1574 ok=1
Cmd: preprocess
  insize=990 outsize=1439 ok=1
Cmd: preprocess
  insize=804 outsize=1468 ok=1
Cmd: preprocess
  insize=3500 outsize=1133 ok=1
Cmd: preprocess
  insize=883 outsize=1545 ok=1
Cmd: preprocess
  insize=1241 outsize=1706 ok=1
Cmd: preprocess
  insize=1614 outsize=1815 ok=1
Cmd: preprocess
  insize=1700 outsize=1739 ok=1
Cmd: preprocess
  insize=1307 outsize=640 ok=1
Cmd: preprocess
  insize=540 outsize=540 ok=1
Cmd: preprocess
  insize=1407 outsize=962 ok=1
Cmd: preprocess
  insize=1500 outsize=667 ok=1
Cmd: preprocess
  insize=1253 outsize=1358 ok=1
Cmd: preprocess
  insize=922 outsize=1548 ok=1
Cmd: preprocess
  insize=781 outsize=1207 ok=1
Cmd: preprocess
  insize=924 outsize=1249 ok=1
Cmd: preprocess
  insize=2481 outsize=1246 ok=1
Cmd: preprocess
  insize=3590 outsize=2252 ok=1
Cmd: preprocess
  insize=751 outsize=751 ok=1
Cmd: preprocess
  insize=1130 outsize=1372 ok=1
Cmd: preprocess
  insize=1067 outsize=1067 ok=1
Cmd: preprocess
  insize=4418 outsize=3360 ok=1
Cmd: preprocess
  insize=3800 outsize=3127 ok=1
Cmd: preprocess
  insize=4114 outsize=3456 ok=1
Cmd: preprocess
  insize=498 outsize=498 ok=1
Cmd: compileSnippet
  api=4 type=0 insize=4808 outsize=2607 kw=DIRECTIONAL SHADOWS_OFF LIGHTMAP_OFF DIRLIGHTMAP_OFF ok=1
Cmd: compileSnippet
  api=8 type=0 insize=4808 outsize=3811 kw=DIRECTIONAL SHADOWS_OFF LIGHTMAP_OFF DIRLIGHTMAP_OFF ok=1
Cmd: compileSnippet
  api=0 type=0 insize=4808 outsize=436 kw=DIRECTIONAL SHADOWS_OFF LIGHTMAP_ON DIRLIGHTMAP_OFF ok=1
Cmd: compileSnippet
  api=1 type=0 insize=4808 outsize=190 kw=DIRECTIONAL SHADOWS_OFF LIGHTMAP_ON DIRLIGHTMAP_OFF ok=1
Cmd: compileSnippet
  api=0 type=0 insize=4808 outsize=1034 kw=DIRECTIONAL SHADOWS_SCREEN LIGHTMAP_OFF DIRLIGHTMAP_OFF ok=1
Cmd: compileSnippet
  api=4 type=0 insize=4808 outsize=2997 kw=DIRECTIONAL SHADOWS_SCREEN LIGHTMAP_OFF DIRLIGHTMAP_OFF ok=1
Cmd: compileSnippet
  api=0 type=0 insize=4808 outsize=540 kw=DIRECTIONAL SHADOWS_SCREEN LIGHTMAP_ON DIRLIGHTMAP_OFF ok=1
Cmd: compileSnippet
  api=1 type=0 insize=4808 outsize=319 kw=DIRECTIONAL SHADOWS_SCREEN LIGHTMAP_ON DIRLIGHTMAP_OFF ok=1
Cmd: compileSnippet
  api=1 type=0 insize=4808 outsize=1146 kw=DIRECTIONAL SHADOWS_OFF LIGHTMAP_OFF DIRLIGHTMAP_OFF VERTEXLIGHT_ON ok=1
Cmd: compileSnippet
  api=8 type=0 insize=4808 outsize=6582 kw=DIRECTIONAL SHADOWS_OFF LIGHTMAP_OFF DIRLIGHTMAP_OFF VERTEXLIGHT_ON ok=1
Cmd: compileSnippet
  api=4 type=0 insize=4808 outsize=4719 kw=DIRECTIONAL SHADOWS_SCREEN LIGHTMAP_OFF DIRLIGHTMAP_OFF VERTEXLIGHT_ON ok=1
Cmd: compileSnippet
  api=4 type=1 insize=4808 outsize=1453 kw=DIRECTIONAL SHADOWS_OFF LIGHTMAP_OFF DIRLIGHTMAP_OFF ok=1
Cmd: compileSnippet
  api=0 type=1 insize=4808 outsize=314 kw=DIRECTIONAL SHADOWS_OFF LIGHTMAP_ON DIRLIGHTMAP_OFF ok=1
Cmd: compileSnippet
  api=1 type=1 insize=4808 outsize=225 kw=DIRECTIONAL SHADOWS_OFF LIGHTMAP_ON DIRLIGHTMAP_OFF ok=1
Cmd: compileSnippet
  api=4 type=1 insize=4808 outsize=1128 kw=DIRECTIONAL SHADOWS_OFF LIGHTMAP_ON DIRLIGHTMAP_OFF ok=1
Cmd: compileSnippet
  api=0 type=1 insize=4808 outsize=535 kw=DIRECTIONAL SHADOWS_SCREEN LIGHTMAP_OFF DIRLIGHTMAP_OFF ok=1
Cmd: compileSnippet
  api=4 type=1 insize=4808 outsize=1770 kw=DIRECTIONAL SHADOWS_SCREEN LIGHTMAP_OFF DIRLIGHTMAP_OFF ok=1
Cmd: compileSnippet
  api=0 type=1 insize=4808 outsize=492 kw=DIRECTIONAL SHADOWS_SCREEN LIGHTMAP_ON DIRLIGHTMAP_OFF ok=1
Cmd: compileSnippet
  api=1 type=1 insize=4808 outsize=385 kw=DIRECTIONAL SHADOWS_SCREEN LIGHTMAP_ON DIRLIGHTMAP_OFF ok=1
Cmd: compileSnippet
  api=8 type=1 insize=4808 outsize=2511 kw=DIRECTIONAL SHADOWS_SCREEN LIGHTMAP_ON DIRLIGHTMAP_OFF ok=1
Cmd: compileSnippet
  api=4 type=0 insize=2847 outsize=2875 kw=POINT ok=1
Cmd: compileSnippet
  api=8 type=0 insize=2847 outsize=4128 kw=POINT ok=1
Cmd: compileSnippet
  api=8 type=0 insize=2847 outsize=2608 kw=DIRECTIONAL ok=1
Cmd: compileSnippet
  api=4 type=0 insize=2847 outsize=2875 kw=SPOT ok=1
Cmd: compileSnippet
  api=0 type=0 insize=2847 outsize=817 kw=POINT_COOKIE ok=1
Cmd: compileSnippet
  api=1 type=0 insize=2847 outsize=383 kw=POINT_COOKIE ok=1
Cmd: compileSnippet
  api=8 type=0 insize=2847 outsize=4128 kw=POINT_COOKIE ok=1
Cmd: compileSnippet
  api=4 type=0 insize=2847 outsize=2542 kw=DIRECTIONAL_COOKIE ok=1
Cmd: compileSnippet
  api=8 type=0 insize=2847 outsize=3632 kw=DIRECTIONAL_COOKIE ok=1
Cmd: compileSnippet
  api=4 type=1 insize=2847 outsize=1810 kw=POINT ok=1
Cmd: compileSnippet
  api=1 type=1 insize=2847 outsize=337 kw=DIRECTIONAL ok=1
Cmd: compileSnippet
  api=8 type=1 insize=2847 outsize=2040 kw=DIRECTIONAL ok=1
Cmd: compileSnippet
  api=4 type=1 insize=2847 outsize=2249 kw=SPOT ok=1
Cmd: compileSnippet
  api=0 type=1 insize=2847 outsize=734 kw=POINT_COOKIE ok=1
Cmd: compileSnippet
  api=1 type=1 insize=2847 outsize=586 kw=POINT_COOKIE ok=1
Cmd: compileSnippet
  api=8 type=1 insize=2847 outsize=2917 kw=POINT_COOKIE ok=1
Cmd: compileSnippet
  api=4 type=1 insize=2847 outsize=1599 kw=DIRECTIONAL_COOKIE ok=1
Cmd: compileSnippet
  api=4 type=0 insize=1760 outsize=2103 kw= ok=1
Cmd: compileSnippet
  api=8 type=0 insize=1760 outsize=2998 kw= ok=1
Cmd: compileSnippet
  api=4 type=1 insize=1760 outsize=1323 kw= ok=1
Cmd: compileSnippet
  api=4 type=0 insize=1986 outsize=990 kw= ok=1
Cmd: compileSnippet
  api=8 type=0 insize=1986 outsize=1438 kw= ok=1
Cmd: compileSnippet
  api=4 type=1 insize=1986 outsize=713 kw= ok=1
Cmd: compileSnippet
  api=4 type=0 insize=2398 outsize=1745 kw= ok=1
Cmd: compileSnippet
  api=8 type=0 insize=2398 outsize=2470 kw= ok=1
Cmd: compileSnippet
  api=4 type=1 insize=2398 outsize=1591 kw= ok=1
Cmd: compileSnippet
  api=1 type=0 insize=2399 outsize=338 kw= ok=1
Cmd: compileSnippet
  api=8 type=0 insize=2399 outsize=2470 kw= ok=1
Cmd: compileSnippet
  api=4 type=1 insize=2399 outsize=1591 kw= ok=1
Cmd: compileSnippet
  api=4 type=0 insize=2403 outsize=1745 kw= ok=1
Cmd: compileSnippet
  api=8 type=0 insize=2403 outsize=2470 kw= ok=1
Cmd: compileSnippet
  api=4 type=1 insize=2403 outsize=1575 kw= ok=1
Cmd: compileSnippet
  api=1 type=0 insize=2403 outsize=338 kw= ok=1
Cmd: compileSnippet
  api=4 type=1 insize=2403 outsize=1575 kw= ok=1
Cmd: compileSnippet
  api=8 type=1 insize=2403 outsize=2243 kw= ok=1
Cmd: compileSnippet
  api=1 type=0 insize=1389 outsize=381 kw= ok=1
Cmd: compileSnippet
  api=4 type=1 insize=1389 outsize=1372 kw= ok=1
Cmd: compileSnippet
  api=4 type=0 insize=4423 outsize=2753 kw=DIRECTIONAL SHADOWS_OFF LIGHTMAP_OFF DIRLIGHTMAP_OFF ok=1
Cmd: compileSnippet
  api=8 type=0 insize=4423 outsize=4006 kw=DIRECTIONAL SHADOWS_OFF LIGHTMAP_OFF DIRLIGHTMAP_OFF ok=1
Cmd: compileSnippet
  api=1 type=0 insize=4423 outsize=216 kw=DIRECTIONAL SHADOWS_OFF LIGHTMAP_ON DIRLIGHTMAP_OFF ok=1
Cmd: compileSnippet
  api=8 type=0 insize=4423 outsize=2243 kw=DIRECTIONAL SHADOWS_OFF LIGHTMAP_ON DIRLIGHTMAP_OFF ok=1
Cmd: compileSnippet
  api=1 type=0 insize=4423 outsize=216 kw=DIRECTIONAL SHADOWS_OFF LIGHTMAP_ON DIRLIGHTMAP_ON ok=1
Cmd: compileSnippet
  api=0 type=0 insize=4423 outsize=1066 kw=DIRECTIONAL SHADOWS_SCREEN LIGHTMAP_OFF DIRLIGHTMAP_OFF ok=1
Cmd: compileSnippet
  api=4 type=0 insize=4423 outsize=3143 kw=DIRECTIONAL SHADOWS_SCREEN LIGHTMAP_OFF DIRLIGHTMAP_OFF ok=1
Cmd: compileSnippet
  api=0 type=0 insize=4423 outsize=572 kw=DIRECTIONAL SHADOWS_SCREEN LIGHTMAP_ON DIRLIGHTMAP_OFF ok=1
Cmd: compileSnippet
  api=1 type=0 insize=4423 outsize=345 kw=DIRECTIONAL SHADOWS_SCREEN LIGHTMAP_ON DIRLIGHTMAP_OFF ok=1
Cmd: compileSnippet
  api=0 type=0 insize=4423 outsize=572 kw=DIRECTIONAL SHADOWS_SCREEN LIGHTMAP_ON DIRLIGHTMAP_ON ok=1
Cmd: compileSnippet
  api=4 type=0 insize=4423 outsize=2030 kw=DIRECTIONAL SHADOWS_SCREEN LIGHTMAP_ON DIRLIGHTMAP_ON ok=1
Cmd: compileSnippet
  api=0 type=0 insize=4423 outsize=1598 kw=DIRECTIONAL SHADOWS_OFF LIGHTMAP_OFF DIRLIGHTMAP_OFF VERTEXLIGHT_ON ok=1
Cmd: compileSnippet
  api=4 type=0 insize=4423 outsize=4475 kw=DIRECTIONAL SHADOWS_OFF LIGHTMAP_OFF DIRLIGHTMAP_OFF VERTEXLIGHT_ON ok=1
Cmd: compileSnippet
  api=0 type=0 insize=4423 outsize=1725 kw=DIRECTIONAL SHADOWS_SCREEN LIGHTMAP_OFF DIRLIGHTMAP_OFF VERTEXLIGHT_ON ok=1
Cmd: compileSnippet
  api=1 type=0 insize=4423 outsize=1307 kw=DIRECTIONAL SHADOWS_SCREEN LIGHTMAP_OFF DIRLIGHTMAP_OFF VERTEXLIGHT_ON ok=1
Cmd: compileSnippet
  api=8 type=0 insize=4423 outsize=7345 kw=DIRECTIONAL SHADOWS_SCREEN LIGHTMAP_OFF DIRLIGHTMAP_OFF VERTEXLIGHT_ON ok=1
Cmd: compileSnippet
  api=4 type=1 insize=4423 outsize=1445 kw=DIRECTIONAL SHADOWS_OFF LIGHTMAP_OFF DIRLIGHTMAP_OFF ok=1
Cmd: compileSnippet
  api=0 type=1 insize=4423 outsize=338 kw=DIRECTIONAL SHADOWS_OFF LIGHTMAP_ON DIRLIGHTMAP_OFF ok=1
Cmd: compileSnippet
  api=1 type=1 insize=4423 outsize=243 kw=DIRECTIONAL SHADOWS_OFF LIGHTMAP_ON DIRLIGHTMAP_OFF ok=1
Cmd: compileSnippet
  api=4 type=1 insize=4423 outsize=1225 kw=DIRECTIONAL SHADOWS_OFF LIGHTMAP_ON DIRLIGHTMAP_OFF ok=1
Cmd: compileSnippet
  api=0 type=1 insize=4423 outsize=338 kw=DIRECTIONAL SHADOWS_OFF LIGHTMAP_ON DIRLIGHTMAP_ON ok=1
Cmd: compileSnippet
  api=4 type=1 insize=4423 outsize=1225 kw=DIRECTIONAL SHADOWS_OFF LIGHTMAP_ON DIRLIGHTMAP_ON ok=1
Cmd: compileSnippet
  api=0 type=1 insize=4423 outsize=496 kw=DIRECTIONAL SHADOWS_SCREEN LIGHTMAP_OFF DIRLIGHTMAP_OFF ok=1
Cmd: compileSnippet
  api=4 type=1 insize=4423 outsize=1705 kw=DIRECTIONAL SHADOWS_SCREEN LIGHTMAP_OFF DIRLIGHTMAP_OFF ok=1
Cmd: compileSnippet
  api=0 type=1 insize=4423 outsize=516 kw=DIRECTIONAL SHADOWS_SCREEN LIGHTMAP_ON DIRLIGHTMAP_OFF ok=1
Cmd: compileSnippet
  api=1 type=1 insize=4423 outsize=403 kw=DIRECTIONAL SHADOWS_SCREEN LIGHTMAP_ON DIRLIGHTMAP_OFF ok=1
Cmd: compileSnippet
  api=4 type=1 insize=4423 outsize=1770 kw=DIRECTIONAL SHADOWS_SCREEN LIGHTMAP_ON DIRLIGHTMAP_OFF ok=1
Cmd: compileSnippet
  api=0 type=1 insize=4423 outsize=516 kw=DIRECTIONAL SHADOWS_SCREEN LIGHTMAP_ON DIRLIGHTMAP_ON ok=1
Cmd: compileSnippet
  api=1 type=1 insize=4423 outsize=403 kw=DIRECTIONAL SHADOWS_SCREEN LIGHTMAP_ON DIRLIGHTMAP_ON ok=1
Cmd: compileSnippet
  api=8 type=1 insize=4423 outsize=2641 kw=DIRECTIONAL SHADOWS_SCREEN LIGHTMAP_ON DIRLIGHTMAP_ON ok=1
Cmd: compileSnippet
  api=4 type=0 insize=2341 outsize=2875 kw=POINT ok=1
Cmd: compileSnippet
  api=8 type=0 insize=2341 outsize=4128 kw=POINT ok=1
Cmd: compileSnippet
  api=8 type=0 insize=2341 outsize=2608 kw=DIRECTIONAL ok=1
Cmd: compileSnippet
  api=1 type=0 insize=2341 outsize=402 kw=SPOT ok=1
Cmd: compileSnippet
  api=8 type=0 insize=2341 outsize=4128 kw=SPOT ok=1
Cmd: compileSnippet
  api=4 type=0 insize=2341 outsize=2875 kw=POINT_COOKIE ok=1
Cmd: compileSnippet
  api=8 type=0 insize=2341 outsize=4128 kw=POINT_COOKIE ok=1
Cmd: compileSnippet
  api=4 type=0 insize=2341 outsize=2542 kw=DIRECTIONAL_COOKIE ok=1
Cmd: compileSnippet
  api=8 type=0 insize=2341 outsize=3632 kw=DIRECTIONAL_COOKIE ok=1
Cmd: compileSnippet
  api=4 type=1 insize=2341 outsize=1607 kw=POINT ok=1
Cmd: compileSnippet
  api=1 type=1 insize=2341 outsize=286 kw=DIRECTIONAL ok=1
Cmd: compileSnippet
  api=4 type=1 insize=2341 outsize=1193 kw=DIRECTIONAL ok=1
Cmd: compileSnippet
  api=0 type=1 insize=2341 outsize=765 kw=SPOT ok=1
Cmd: compileSnippet
  api=1 type=1 insize=2341 outsize=575 kw=SPOT ok=1
Cmd: compileSnippet
  api=8 type=1 insize=2341 outsize=3112 kw=SPOT ok=1
Cmd: compileSnippet
  api=8 type=1 insize=2341 outsize=2698 kw=POINT_COOKIE ok=1
Cmd: compileSnippet
  api=1 type=1 insize=2341 outsize=345 kw=DIRECTIONAL_COOKIE ok=1
Cmd: compileSnippet
  api=8 type=1 insize=2341 outsize=2153 kw=DIRECTIONAL_COOKIE ok=1
Cmd: compileSnippet
  api=4 type=0 insize=1869 outsize=1477 kw= ok=1
Cmd: compileSnippet
  api=8 type=0 insize=1869 outsize=2097 kw= ok=1
Cmd: compileSnippet
  api=4 type=1 insize=1869 outsize=632 kw= ok=1
Cmd: compileSnippet
  api=4 type=0 insize=4150 outsize=3029 kw=LIGHTMAP_OFF DIRLIGHTMAP_OFF HDR_LIGHT_PREPASS_OFF ok=1
Cmd: compileSnippet
  api=8 type=0 insize=4150 outsize=4437 kw=LIGHTMAP_OFF DIRLIGHTMAP_OFF HDR_LIGHT_PREPASS_OFF ok=1
Cmd: compileSnippet
  api=4 type=0 insize=4150 outsize=3029 kw=LIGHTMAP_ON DIRLIGHTMAP_OFF HDR_LIGHT_PREPASS_OFF ok=1
Cmd: compileSnippet
  api=8 type=0 insize=4150 outsize=4372 kw=LIGHTMAP_ON DIRLIGHTMAP_OFF HDR_LIGHT_PREPASS_OFF ok=1
Cmd: compileSnippet
  api=1 type=0 insize=4150 outsize=339 kw=LIGHTMAP_ON DIRLIGHTMAP_ON HDR_LIGHT_PREPASS_OFF ok=1
Cmd: compileSnippet
  api=0 type=0 insize=4150 outsize=937 kw=LIGHTMAP_OFF DIRLIGHTMAP_OFF HDR_LIGHT_PREPASS_ON ok=1
Cmd: compileSnippet
  api=4 type=0 insize=4150 outsize=3029 kw=LIGHTMAP_OFF DIRLIGHTMAP_OFF HDR_LIGHT_PREPASS_ON ok=1
Cmd: compileSnippet
  api=0 type=0 insize=4150 outsize=887 kw=LIGHTMAP_ON DIRLIGHTMAP_OFF HDR_LIGHT_PREPASS_ON ok=1
Cmd: compileSnippet
  api=1 type=0 insize=4150 outsize=529 kw=LIGHTMAP_ON DIRLIGHTMAP_OFF HDR_LIGHT_PREPASS_ON ok=1
Cmd: compileSnippet
  api=0 type=0 insize=4150 outsize=566 kw=LIGHTMAP_ON DIRLIGHTMAP_ON HDR_LIGHT_PREPASS_ON ok=1
Cmd: compileSnippet
  api=1 type=0 insize=4150 outsize=339 kw=LIGHTMAP_ON DIRLIGHTMAP_ON HDR_LIGHT_PREPASS_ON ok=1
Cmd: compileSnippet
  api=4 type=1 insize=4150 outsize=1347 kw=LIGHTMAP_OFF DIRLIGHTMAP_OFF HDR_LIGHT_PREPASS_OFF ok=1
Cmd: compileSnippet
  api=0 type=1 insize=4150 outsize=720 kw=LIGHTMAP_ON DIRLIGHTMAP_OFF HDR_LIGHT_PREPASS_OFF ok=1
Cmd: compileSnippet
  api=1 type=1 insize=4150 outsize=546 kw=LIGHTMAP_ON DIRLIGHTMAP_OFF HDR_LIGHT_PREPASS_OFF ok=1
Cmd: compileSnippet
  api=8 type=1 insize=4150 outsize=3356 kw=LIGHTMAP_ON DIRLIGHTMAP_OFF HDR_LIGHT_PREPASS_OFF ok=1
Cmd: compileSnippet
  api=4 type=1 insize=4150 outsize=1550 kw=LIGHTMAP_ON DIRLIGHTMAP_ON HDR_LIGHT_PREPASS_OFF ok=1
Cmd: compileSnippet
  api=0 type=1 insize=4150 outsize=325 kw=LIGHTMAP_OFF DIRLIGHTMAP_OFF HDR_LIGHT_PREPASS_ON ok=1
Cmd: compileSnippet
  api=1 type=1 insize=4150 outsize=198 kw=LIGHTMAP_OFF DIRLIGHTMAP_OFF HDR_LIGHT_PREPASS_ON ok=1
Cmd: compileSnippet
  api=8 type=1 insize=4150 outsize=1861 kw=LIGHTMAP_OFF DIRLIGHTMAP_OFF HDR_LIGHT_PREPASS_ON ok=1
Cmd: compileSnippet
  api=1 type=1 insize=4150 outsize=491 kw=LIGHTMAP_ON DIRLIGHTMAP_OFF HDR_LIGHT_PREPASS_ON ok=1
Cmd: compileSnippet
  api=8 type=1 insize=4150 outsize=3234 kw=LIGHTMAP_ON DIRLIGHTMAP_OFF HDR_LIGHT_PREPASS_ON ok=1
Cmd: compileSnippet
  api=8 type=1 insize=4150 outsize=2218 kw=LIGHTMAP_ON DIRLIGHTMAP_ON HDR_LIGHT_PREPASS_ON ok=1
Cmd: compileSnippet
  api=4 type=0 insize=808 outsize=1128 kw=GLOW11_GLOW_MAINTEX NO_MULTIPLY ok=1
Cmd: compileSnippet
  api=8 type=0 insize=808 outsize=1617 kw=GLOW11_GLOW_MAINTEX NO_MULTIPLY ok=1
Cmd: compileSnippet
  api=1 type=0 insize=808 outsize=145 kw=GLOW11_GLOW_MAINTEX GLOW11_MULTIPLY_GLOWCOLOR ok=1
Cmd: compileSnippet
  api=4 type=0 insize=808 outsize=1128 kw=GLOW11_GLOW_MAINTEX GLOW11_MULTIPLY_GLOWCOLOR ok=1
Cmd: compileSnippet
  api=0 type=0 insize=808 outsize=397 kw=GLOW11_GLOW_MAINTEX GLOW11_MULTIPLY_VERT ok=1
Cmd: compileSnippet
  api=4 type=0 insize=808 outsize=1274 kw=GLOW11_GLOW_MAINTEX GLOW11_MULTIPLY_VERT ok=1
Cmd: compileSnippet
  api=0 type=0 insize=808 outsize=397 kw=GLOW11_GLOW_MAINTEX GLOW11_MULTIPLY_VERT_ALPHA ok=1
Cmd: compileSnippet
  api=4 type=0 insize=808 outsize=1274 kw=GLOW11_GLOW_MAINTEX GLOW11_MULTIPLY_VERT_ALPHA ok=1
Cmd: compileSnippet
  api=0 type=0 insize=808 outsize=432 kw=GLOW11_GLOW_MAINTEX GLOW11_MULTIPLY_ILLUMTEX_ALPHA ok=1
Cmd: compileSnippet
  api=4 type=0 insize=808 outsize=1290 kw=GLOW11_GLOW_MAINTEX GLOW11_MULTIPLY_ILLUMTEX_ALPHA ok=1
Cmd: compileSnippet
  api=8 type=0 insize=808 outsize=1820 kw=GLOW11_GLOW_MAINTEX GLOW11_MULTIPLY_ILLUMTEX_ALPHA ok=1
Cmd: compileSnippet
  api=1 type=0 insize=808 outsize=145 kw=GLOW11_GLOW_MAINTEX GLOW11_MULTIPLY_MAINTEX_ALPHA ok=1
Cmd: compileSnippet
  api=8 type=0 insize=808 outsize=1617 kw=GLOW11_GLOW_MAINTEX GLOW11_MULTIPLY_MAINTEX_ALPHA ok=1
Cmd: compileSnippet
  api=1 type=0 insize=808 outsize=100 kw=NO_MULTIPLY GLOW11_GLOW_MAINCOLOR ok=1
Cmd: compileSnippet
  api=0 type=0 insize=808 outsize=281 kw=GLOW11_MULTIPLY_GLOWCOLOR GLOW11_GLOW_MAINCOLOR ok=1
Cmd: compileSnippet
  api=4 type=0 insize=808 outsize=892 kw=GLOW11_MULTIPLY_GLOWCOLOR GLOW11_GLOW_MAINCOLOR ok=1
Cmd: compileSnippet
  api=8 type=0 insize=808 outsize=1292 kw=GLOW11_MULTIPLY_GLOWCOLOR GLOW11_GLOW_MAINCOLOR ok=1
Cmd: compileSnippet
  api=1 type=0 insize=808 outsize=126 kw=GLOW11_MULTIPLY_VERT GLOW11_GLOW_MAINCOLOR ok=1
Cmd: compileSnippet
  api=0 type=0 insize=808 outsize=313 kw=GLOW11_MULTIPLY_VERT_ALPHA GLOW11_GLOW_MAINCOLOR ok=1
Cmd: compileSnippet
  api=4 type=0 insize=808 outsize=1038 kw=GLOW11_MULTIPLY_VERT_ALPHA GLOW11_GLOW_MAINCOLOR ok=1
Cmd: compileSnippet
  api=0 type=0 insize=808 outsize=365 kw=GLOW11_MULTIPLY_ILLUMTEX_ALPHA GLOW11_GLOW_MAINCOLOR ok=1
Cmd: compileSnippet
  api=4 type=0 insize=808 outsize=1128 kw=GLOW11_MULTIPLY_ILLUMTEX_ALPHA GLOW11_GLOW_MAINCOLOR ok=1
Cmd: compileSnippet
  api=0 type=0 insize=808 outsize=281 kw=GLOW11_MULTIPLY_MAINTEX_ALPHA GLOW11_GLOW_MAINCOLOR ok=1
Cmd: compileSnippet
  api=4 type=0 insize=808 outsize=957 kw=GLOW11_MULTIPLY_MAINTEX_ALPHA GLOW11_GLOW_MAINCOLOR ok=1
Cmd: compileSnippet
  api=8 type=0 insize=808 outsize=1357 kw=GLOW11_MULTIPLY_MAINTEX_ALPHA GLOW11_GLOW_MAINCOLOR ok=1
Cmd: compileSnippet
  api=1 type=0 insize=808 outsize=145 kw=NO_MULTIPLY GLOW11_GLOW_GLOWTEX ok=1
Cmd: compileSnippet
  api=8 type=0 insize=808 outsize=1617 kw=NO_MULTIPLY GLOW11_GLOW_GLOWTEX ok=1
Cmd: compileSnippet
  api=1 type=0 insize=808 outsize=145 kw=GLOW11_MULTIPLY_GLOWCOLOR GLOW11_GLOW_GLOWTEX ok=1
Cmd: compileSnippet
  api=0 type=0 insize=808 outsize=397 kw=GLOW11_MULTIPLY_VERT GLOW11_GLOW_GLOWTEX ok=1
Cmd: compileSnippet
  api=4 type=0 insize=808 outsize=1274 kw=GLOW11_MULTIPLY_VERT GLOW11_GLOW_GLOWTEX ok=1
Cmd: compileSnippet
  api=8 type=0 insize=808 outsize=1812 kw=GLOW11_MULTIPLY_VERT GLOW11_GLOW_GLOWTEX ok=1
Cmd: compileSnippet
  api=1 type=0 insize=808 outsize=171 kw=GLOW11_MULTIPLY_VERT_ALPHA GLOW11_GLOW_GLOWTEX ok=1
Cmd: compileSnippet
  api=0 type=0 insize=808 outsize=432 kw=GLOW11_MULTIPLY_ILLUMTEX_ALPHA GLOW11_GLOW_GLOWTEX ok=1
Cmd: compileSnippet
  api=4 type=0 insize=808 outsize=1290 kw=GLOW11_MULTIPLY_ILLUMTEX_ALPHA GLOW11_GLOW_GLOWTEX ok=1
Cmd: compileSnippet
  api=8 type=0 insize=808 outsize=1820 kw=GLOW11_MULTIPLY_ILLUMTEX_ALPHA GLOW11_GLOW_GLOWTEX ok=1
Cmd: compileSnippet
  api=1 type=0 insize=808 outsize=145 kw=GLOW11_MULTIPLY_MAINTEX_ALPHA GLOW11_GLOW_GLOWTEX ok=1
Cmd: compileSnippet
  api=0 type=0 insize=808 outsize=365 kw=NO_MULTIPLY GLOW11_GLOW_ILLUMTEX ok=1
Cmd: compileSnippet
  api=4 type=0 insize=808 outsize=1128 kw=NO_MULTIPLY GLOW11_GLOW_ILLUMTEX ok=1
Cmd: compileSnippet
  api=8 type=0 insize=808 outsize=1617 kw=NO_MULTIPLY GLOW11_GLOW_ILLUMTEX ok=1
Cmd: compileSnippet
  api=1 type=0 insize=808 outsize=145 kw=GLOW11_MULTIPLY_GLOWCOLOR GLOW11_GLOW_ILLUMTEX ok=1
Cmd: compileSnippet
  api=0 type=0 insize=808 outsize=397 kw=GLOW11_MULTIPLY_VERT GLOW11_GLOW_ILLUMTEX ok=1
Cmd: compileSnippet
  api=4 type=0 insize=808 outsize=1274 kw=GLOW11_MULTIPLY_VERT GLOW11_GLOW_ILLUMTEX ok=1
Cmd: compileSnippet
  api=8 type=0 insize=808 outsize=1812 kw=GLOW11_MULTIPLY_VERT GLOW11_GLOW_ILLUMTEX ok=1
Cmd: compileSnippet
  api=1 type=0 insize=808 outsize=171 kw=GLOW11_MULTIPLY_VERT_ALPHA GLOW11_GLOW_ILLUMTEX ok=1
Cmd: compileSnippet
  api=0 type=0 insize=808 outsize=365 kw=GLOW11_MULTIPLY_ILLUMTEX_ALPHA GLOW11_GLOW_ILLUMTEX ok=1
Cmd: compileSnippet
  api=4 type=0 insize=808 outsize=1128 kw=GLOW11_MULTIPLY_ILLUMTEX_ALPHA GLOW11_GLOW_ILLUMTEX ok=1
Cmd: compileSnippet
  api=8 type=0 insize=808 outsize=1617 kw=GLOW11_MULTIPLY_ILLUMTEX_ALPHA GLOW11_GLOW_ILLUMTEX ok=1
Cmd: compileSnippet
  api=1 type=0 insize=808 outsize=145 kw=GLOW11_MULTIPLY_MAINTEX_ALPHA GLOW11_GLOW_ILLUMTEX ok=1
Cmd: compileSnippet
  api=0 type=0 insize=808 outsize=281 kw=NO_MULTIPLY GLOW11_GLOW_GLOWCOLOR ok=1
Cmd: compileSnippet
  api=4 type=0 insize=808 outsize=892 kw=NO_MULTIPLY GLOW11_GLOW_GLOWCOLOR ok=1
Cmd: compileSnippet
  api=8 type=0 insize=808 outsize=1292 kw=NO_MULTIPLY GLOW11_GLOW_GLOWCOLOR ok=1
Cmd: compileSnippet
  api=1 type=0 insize=808 outsize=100 kw=GLOW11_MULTIPLY_GLOWCOLOR GLOW11_GLOW_GLOWCOLOR ok=1
Cmd: compileSnippet
  api=0 type=0 insize=808 outsize=313 kw=GLOW11_MULTIPLY_VERT GLOW11_GLOW_GLOWCOLOR ok=1
Cmd: compileSnippet
  api=4 type=0 insize=808 outsize=1038 kw=GLOW11_MULTIPLY_VERT GLOW11_GLOW_GLOWCOLOR ok=1
Cmd: compileSnippet
  api=8 type=0 insize=808 outsize=1487 kw=GLOW11_MULTIPLY_VERT GLOW11_GLOW_GLOWCOLOR ok=1
Cmd: compileSnippet
  api=1 type=0 insize=808 outsize=126 kw=GLOW11_MULTIPLY_VERT_ALPHA GLOW11_GLOW_GLOWCOLOR ok=1
Cmd: compileSnippet
  api=0 type=0 insize=808 outsize=365 kw=GLOW11_MULTIPLY_ILLUMTEX_ALPHA GLOW11_GLOW_GLOWCOLOR ok=1
Cmd: compileSnippet
  api=4 type=0 insize=808 outsize=1128 kw=GLOW11_MULTIPLY_ILLUMTEX_ALPHA GLOW11_GLOW_GLOWCOLOR ok=1
Cmd: compileSnippet
  api=8 type=0 insize=808 outsize=1617 kw=GLOW11_MULTIPLY_ILLUMTEX_ALPHA GLOW11_GLOW_GLOWCOLOR ok=1
Cmd: compileSnippet
  api=1 type=0 insize=808 outsize=100 kw=GLOW11_MULTIPLY_MAINTEX_ALPHA GLOW11_GLOW_GLOWCOLOR ok=1
Cmd: compileSnippet
  api=0 type=0 insize=808 outsize=313 kw=NO_MULTIPLY GLOW11_GLOW_VERTEXCOLOR ok=1
Cmd: compileSnippet
  api=4 type=0 insize=808 outsize=1038 kw=NO_MULTIPLY GLOW11_GLOW_VERTEXCOLOR ok=1
Cmd: compileSnippet
  api=8 type=0 insize=808 outsize=1487 kw=NO_MULTIPLY GLOW11_GLOW_VERTEXCOLOR ok=1
Cmd: compileSnippet
  api=1 type=0 insize=808 outsize=126 kw=GLOW11_MULTIPLY_GLOWCOLOR GLOW11_GLOW_VERTEXCOLOR ok=1
Cmd: compileSnippet
  api=0 type=0 insize=808 outsize=313 kw=GLOW11_MULTIPLY_VERT GLOW11_GLOW_VERTEXCOLOR ok=1
Cmd: compileSnippet
  api=4 type=0 insize=808 outsize=1038 kw=GLOW11_MULTIPLY_VERT GLOW11_GLOW_VERTEXCOLOR ok=1
Cmd: compileSnippet
  api=8 type=0 insize=808 outsize=1487 kw=GLOW11_MULTIPLY_VERT GLOW11_GLOW_VERTEXCOLOR ok=1
Cmd: compileSnippet
  api=1 type=0 insize=808 outsize=126 kw=GLOW11_MULTIPLY_VERT_ALPHA GLOW11_GLOW_VERTEXCOLOR ok=1
Cmd: compileSnippet
  api=0 type=0 insize=808 outsize=397 kw=GLOW11_MULTIPLY_ILLUMTEX_ALPHA GLOW11_GLOW_VERTEXCOLOR ok=1
Cmd: compileSnippet
  api=4 type=0 insize=808 outsize=1274 kw=GLOW11_MULTIPLY_ILLUMTEX_ALPHA GLOW11_GLOW_VERTEXCOLOR ok=1
Cmd: compileSnippet
  api=0 type=0 insize=808 outsize=313 kw=GLOW11_MULTIPLY_MAINTEX_ALPHA GLOW11_GLOW_VERTEXCOLOR ok=1
Cmd: compileSnippet
  api=4 type=0 insize=808 outsize=1103 kw=GLOW11_MULTIPLY_MAINTEX_ALPHA GLOW11_GLOW_VERTEXCOLOR ok=1
Cmd: compileSnippet
  api=8 type=0 insize=808 outsize=1552 kw=GLOW11_MULTIPLY_MAINTEX_ALPHA GLOW11_GLOW_VERTEXCOLOR ok=1
Cmd: compileSnippet
  api=4 type=1 insize=808 outsize=770 kw=GLOW11_GLOW_MAINTEX NO_MULTIPLY ok=1
Cmd: compileSnippet
  api=0 type=1 insize=808 outsize=218 kw=GLOW11_GLOW_MAINTEX GLOW11_MULTIPLY_GLOWCOLOR ok=1
Cmd: compileSnippet
  api=1 type=1 insize=808 outsize=88 kw=GLOW11_GLOW_MAINTEX GLOW11_MULTIPLY_GLOWCOLOR ok=1
Cmd: compileSnippet
  api=8 type=1 insize=808 outsize=1162 kw=GLOW11_GLOW_MAINTEX GLOW11_MULTIPLY_GLOWCOLOR ok=1
Cmd: compileSnippet
  api=1 type=1 insize=808 outsize=95 kw=GLOW11_GLOW_MAINTEX GLOW11_MULTIPLY_VERT ok=1
Cmd: compileSnippet
  api=8 type=1 insize=808 outsize=1203 kw=GLOW11_GLOW_MAINTEX GLOW11_MULTIPLY_VERT ok=1
Cmd: compileSnippet
  api=4 type=1 insize=808 outsize=852 kw=GLOW11_GLOW_MAINTEX GLOW11_MULTIPLY_VERT_ALPHA ok=1
Cmd: compileSnippet
  api=0 type=1 insize=808 outsize=272 kw=GLOW11_GLOW_MAINTEX GLOW11_MULTIPLY_ILLUMTEX_ALPHA ok=1
Cmd: compileSnippet
  api=4 type=1 insize=808 outsize=1030 kw=GLOW11_GLOW_MAINTEX GLOW11_MULTIPLY_ILLUMTEX_ALPHA ok=1
Cmd: compileSnippet
  api=0 type=1 insize=808 outsize=215 kw=GLOW11_GLOW_MAINTEX GLOW11_MULTIPLY_MAINTEX_ALPHA ok=1
Cmd: compileSnippet
  api=4 type=1 insize=808 outsize=827 kw=GLOW11_GLOW_MAINTEX GLOW11_MULTIPLY_MAINTEX_ALPHA ok=1
Cmd: compileSnippet
  api=0 type=1 insize=808 outsize=170 kw=NO_MULTIPLY GLOW11_GLOW_MAINCOLOR ok=1
Cmd: compileSnippet
  api=1 type=1 insize=808 outsize=47 kw=NO_MULTIPLY GLOW11_GLOW_MAINCOLOR ok=1
Cmd: compileSnippet
  api=8 type=1 insize=808 outsize=772 kw=NO_MULTIPLY GLOW11_GLOW_MAINCOLOR ok=1
Cmd: compileSnippet
  api=4 type=1 insize=808 outsize=624 kw=GLOW11_MULTIPLY_GLOWCOLOR GLOW11_GLOW_MAINCOLOR ok=1
Cmd: compileSnippet
  api=0 type=1 insize=808 outsize=206 kw=GLOW11_MULTIPLY_VERT GLOW11_GLOW_MAINCOLOR ok=1
Cmd: compileSnippet
  api=1 type=1 insize=808 outsize=69 kw=GLOW11_MULTIPLY_VERT GLOW11_GLOW_MAINCOLOR ok=1
Cmd: compileSnippet
  api=8 type=1 insize=808 outsize=927 kw=GLOW11_MULTIPLY_VERT GLOW11_GLOW_MAINCOLOR ok=1
Cmd: compileSnippet
  api=4 type=1 insize=808 outsize=640 kw=GLOW11_MULTIPLY_VERT_ALPHA GLOW11_GLOW_MAINCOLOR ok=1
Cmd: compileSnippet
  api=0 type=1 insize=808 outsize=245 kw=GLOW11_MULTIPLY_ILLUMTEX_ALPHA GLOW11_GLOW_MAINCOLOR ok=1
Cmd: compileSnippet
  api=4 type=1 insize=808 outsize=835 kw=GLOW11_MULTIPLY_ILLUMTEX_ALPHA GLOW11_GLOW_MAINCOLOR ok=1
Cmd: compileSnippet
  api=0 type=1 insize=808 outsize=245 kw=GLOW11_MULTIPLY_MAINTEX_ALPHA GLOW11_GLOW_MAINCOLOR ok=1
Cmd: compileSnippet
  api=1 type=1 insize=808 outsize=101 kw=GLOW11_MULTIPLY_MAINTEX_ALPHA GLOW11_GLOW_MAINCOLOR ok=1
Cmd: compileSnippet
  api=8 type=1 insize=808 outsize=1187 kw=GLOW11_MULTIPLY_MAINTEX_ALPHA GLOW11_GLOW_MAINCOLOR ok=1
Cmd: compileSnippet
  api=4 type=1 insize=808 outsize=770 kw=NO_MULTIPLY GLOW11_GLOW_GLOWTEX ok=1
Cmd: compileSnippet
  api=0 type=1 insize=808 outsize=218 kw=GLOW11_MULTIPLY_GLOWCOLOR GLOW11_GLOW_GLOWTEX ok=1
Cmd: compileSnippet
  api=4 type=1 insize=808 outsize=835 kw=GLOW11_MULTIPLY_GLOWCOLOR GLOW11_GLOW_GLOWTEX ok=1
Cmd: compileSnippet
  api=0 type=1 insize=808 outsize=233 kw=GLOW11_MULTIPLY_VERT GLOW11_GLOW_GLOWTEX ok=1
Cmd: compileSnippet
  api=1 type=1 insize=808 outsize=95 kw=GLOW11_MULTIPLY_VERT GLOW11_GLOW_GLOWTEX ok=1
Cmd: compileSnippet
  api=8 type=1 insize=808 outsize=1203 kw=GLOW11_MULTIPLY_VERT GLOW11_GLOW_GLOWTEX ok=1
Cmd: compileSnippet
  api=1 type=1 insize=808 outsize=102 kw=GLOW11_MULTIPLY_VERT_ALPHA GLOW11_GLOW_GLOWTEX ok=1
Cmd: compileSnippet
  api=8 type=1 insize=808 outsize=1203 kw=GLOW11_MULTIPLY_VERT_ALPHA GLOW11_GLOW_GLOWTEX ok=1
Cmd: compileSnippet
  api=4 type=1 insize=808 outsize=1030 kw=GLOW11_MULTIPLY_ILLUMTEX_ALPHA GLOW11_GLOW_GLOWTEX ok=1
Cmd: compileSnippet
  api=0 type=1 insize=808 outsize=272 kw=GLOW11_MULTIPLY_MAINTEX_ALPHA GLOW11_GLOW_GLOWTEX ok=1
Cmd: compileSnippet
  api=1 type=1 insize=808 outsize=127 kw=GLOW11_MULTIPLY_MAINTEX_ALPHA GLOW11_GLOW_GLOWTEX ok=1
Cmd: compileSnippet
  api=8 type=1 insize=808 outsize=1447 kw=GLOW11_MULTIPLY_MAINTEX_ALPHA GLOW11_GLOW_GLOWTEX ok=1
Cmd: compileSnippet
  api=1 type=1 insize=808 outsize=73 kw=NO_MULTIPLY GLOW11_GLOW_ILLUMTEX ok=1
Cmd: compileSnippet
  api=8 type=1 insize=808 outsize=1065 kw=NO_MULTIPLY GLOW11_GLOW_ILLUMTEX ok=1
Cmd: compileSnippet
  api=4 type=1 insize=808 outsize=835 kw=GLOW11_MULTIPLY_GLOWCOLOR GLOW11_GLOW_ILLUMTEX ok=1
Cmd: compileSnippet
  api=0 type=1 insize=808 outsize=233 kw=GLOW11_MULTIPLY_VERT GLOW11_GLOW_ILLUMTEX ok=1
Cmd: compileSnippet
  api=1 type=1 insize=808 outsize=95 kw=GLOW11_MULTIPLY_VERT GLOW11_GLOW_ILLUMTEX ok=1
Cmd: compileSnippet
  api=8 type=1 insize=808 outsize=1203 kw=GLOW11_MULTIPLY_VERT GLOW11_GLOW_ILLUMTEX ok=1
Cmd: compileSnippet
  api=4 type=1 insize=808 outsize=852 kw=GLOW11_MULTIPLY_VERT_ALPHA GLOW11_GLOW_ILLUMTEX ok=1
Cmd: compileSnippet
  api=0 type=1 insize=808 outsize=215 kw=GLOW11_MULTIPLY_ILLUMTEX_ALPHA GLOW11_GLOW_ILLUMTEX ok=1
Cmd: compileSnippet
  api=1 type=1 insize=808 outsize=90 kw=GLOW11_MULTIPLY_ILLUMTEX_ALPHA GLOW11_GLOW_ILLUMTEX ok=1
Cmd: compileSnippet
  api=0 type=1 insize=808 outsize=272 kw=GLOW11_MULTIPLY_MAINTEX_ALPHA GLOW11_GLOW_ILLUMTEX ok=1
Cmd: compileSnippet
  api=4 type=1 insize=808 outsize=1030 kw=GLOW11_MULTIPLY_MAINTEX_ALPHA GLOW11_GLOW_ILLUMTEX ok=1
Cmd: compileSnippet
  api=0 type=1 insize=808 outsize=170 kw=NO_MULTIPLY GLOW11_GLOW_GLOWCOLOR ok=1
Cmd: compileSnippet
  api=4 type=1 insize=808 outsize=543 kw=NO_MULTIPLY GLOW11_GLOW_GLOWCOLOR ok=1
Cmd: compileSnippet
  api=0 type=1 insize=808 outsize=188 kw=GLOW11_MULTIPLY_GLOWCOLOR GLOW11_GLOW_GLOWCOLOR ok=1
Cmd: compileSnippet
  api=1 type=1 insize=808 outsize=62 kw=GLOW11_MULTIPLY_GLOWCOLOR GLOW11_GLOW_GLOWCOLOR ok=1
Cmd: compileSnippet
  api=4 type=1 insize=808 outsize=624 kw=GLOW11_MULTIPLY_GLOWCOLOR GLOW11_GLOW_GLOWCOLOR ok=1
Cmd: compileSnippet
  api=0 type=1 insize=808 outsize=206 kw=GLOW11_MULTIPLY_VERT GLOW11_GLOW_GLOWCOLOR ok=1
Cmd: compileSnippet
  api=8 type=1 insize=808 outsize=927 kw=GLOW11_MULTIPLY_VERT GLOW11_GLOW_GLOWCOLOR ok=1
Cmd: compileSnippet
  api=1 type=1 insize=808 outsize=76 kw=GLOW11_MULTIPLY_VERT_ALPHA GLOW11_GLOW_GLOWCOLOR ok=1
Cmd: compileSnippet
  api=0 type=1 insize=808 outsize=245 kw=GLOW11_MULTIPLY_ILLUMTEX_ALPHA GLOW11_GLOW_GLOWCOLOR ok=1
Cmd: compileSnippet
  api=1 type=1 insize=808 outsize=101 kw=GLOW11_MULTIPLY_ILLUMTEX_ALPHA GLOW11_GLOW_GLOWCOLOR ok=1
Cmd: compileSnippet
  api=8 type=1 insize=808 outsize=1187 kw=GLOW11_MULTIPLY_ILLUMTEX_ALPHA GLOW11_GLOW_GLOWCOLOR ok=1
Cmd: compileSnippet
  api=1 type=1 insize=808 outsize=101 kw=GLOW11_MULTIPLY_MAINTEX_ALPHA GLOW11_GLOW_GLOWCOLOR ok=1
Cmd: compileSnippet
  api=8 type=1 insize=808 outsize=1187 kw=GLOW11_MULTIPLY_MAINTEX_ALPHA GLOW11_GLOW_GLOWCOLOR ok=1
Cmd: compileSnippet
  api=1 type=1 insize=808 outsize=43 kw=NO_MULTIPLY GLOW11_GLOW_VERTEXCOLOR ok=1
Cmd: compileSnippet
  api=8 type=1 insize=808 outsize=788 kw=NO_MULTIPLY GLOW11_GLOW_VERTEXCOLOR ok=1
Cmd: compileSnippet
  api=4 type=1 insize=808 outsize=640 kw=GLOW11_MULTIPLY_GLOWCOLOR GLOW11_GLOW_VERTEXCOLOR ok=1
Cmd: compileSnippet
  api=0 type=1 insize=808 outsize=207 kw=GLOW11_MULTIPLY_VERT GLOW11_GLOW_VERTEXCOLOR ok=1
Cmd: compileSnippet
  api=4 type=1 insize=808 outsize=632 kw=GLOW11_MULTIPLY_VERT GLOW11_GLOW_VERTEXCOLOR ok=1
Cmd: compileSnippet
  api=0 type=1 insize=808 outsize=209 kw=GLOW11_MULTIPLY_VERT_ALPHA GLOW11_GLOW_VERTEXCOLOR ok=1
Cmd: compileSnippet
  api=1 type=1 insize=808 outsize=60 kw=GLOW11_MULTIPLY_VERT_ALPHA GLOW11_GLOW_VERTEXCOLOR ok=1
Cmd: compileSnippet
  api=8 type=1 insize=808 outsize=1057 kw=GLOW11_MULTIPLY_VERT_ALPHA GLOW11_GLOW_VERTEXCOLOR ok=1
Cmd: compileSnippet
  api=1 type=1 insize=808 outsize=97 kw=GLOW11_MULTIPLY_ILLUMTEX_ALPHA GLOW11_GLOW_VERTEXCOLOR ok=1
Cmd: compileSnippet
  api=8 type=1 insize=808 outsize=1203 kw=GLOW11_MULTIPLY_ILLUMTEX_ALPHA GLOW11_GLOW_VERTEXCOLOR ok=1
Cmd: compileSnippet
  api=1 type=1 insize=808 outsize=97 kw=GLOW11_MULTIPLY_MAINTEX_ALPHA GLOW11_GLOW_VERTEXCOLOR ok=1
Cmd: compileSnippet
  api=8 type=1 insize=808 outsize=1203 kw=GLOW11_MULTIPLY_MAINTEX_ALPHA GLOW11_GLOW_VERTEXCOLOR ok=1
Cmd: compileSnippet
  api=4 type=0 insize=812 outsize=1128 kw=GLOW11_GLOW_MAINTEX NO_MULTIPLY ok=1
Cmd: compileSnippet
  api=8 type=0 insize=812 outsize=1617 kw=GLOW11_GLOW_MAINTEX NO_MULTIPLY ok=1
Cmd: compileSnippet
  api=1 type=0 insize=812 outsize=145 kw=GLOW11_GLOW_MAINTEX GLOW11_MULTIPLY_GLOWCOLOR ok=1
Cmd: compileSnippet
  api=8 type=0 insize=812 outsize=1617 kw=GLOW11_GLOW_MAINTEX GLOW11_MULTIPLY_GLOWCOLOR ok=1
Cmd: compileSnippet
  api=1 type=0 insize=812 outsize=171 kw=GLOW11_GLOW_MAINTEX GLOW11_MULTIPLY_VERT ok=1
Cmd: compileSnippet
  api=8 type=0 insize=812 outsize=1812 kw=GLOW11_GLOW_MAINTEX GLOW11_MULTIPLY_VERT ok=1
Cmd: compileSnippet
  api=1 type=0 insize=812 outsize=171 kw=GLOW11_GLOW_MAINTEX GLOW11_MULTIPLY_VERT_ALPHA ok=1
Cmd: compileSnippet
  api=8 type=0 insize=812 outsize=1812 kw=GLOW11_GLOW_MAINTEX GLOW11_MULTIPLY_VERT_ALPHA ok=1
Cmd: compileSnippet
  api=1 type=0 insize=812 outsize=173 kw=GLOW11_GLOW_MAINTEX GLOW11_MULTIPLY_ILLUMTEX_ALPHA ok=1
Cmd: compileSnippet
  api=0 type=0 insize=812 outsize=365 kw=GLOW11_GLOW_MAINTEX GLOW11_MULTIPLY_MAINTEX_ALPHA ok=1
Cmd: compileSnippet
  api=4 type=0 insize=812 outsize=1128 kw=GLOW11_GLOW_MAINTEX GLOW11_MULTIPLY_MAINTEX_ALPHA ok=1
Cmd: compileSnippet
  api=8 type=0 insize=812 outsize=1617 kw=GLOW11_GLOW_MAINTEX GLOW11_MULTIPLY_MAINTEX_ALPHA ok=1
Cmd: compileSnippet
  api=1 type=0 insize=812 outsize=145 kw=NO_MULTIPLY GLOW11_GLOW_MAINCOLOR ok=1
Cmd: compileSnippet
  api=8 type=0 insize=812 outsize=1617 kw=NO_MULTIPLY GLOW11_GLOW_MAINCOLOR ok=1
Cmd: compileSnippet
  api=1 type=0 insize=812 outsize=145 kw=GLOW11_MULTIPLY_GLOWCOLOR GLOW11_GLOW_MAINCOLOR ok=1
Cmd: compileSnippet
  api=0 type=0 insize=812 outsize=397 kw=GLOW11_MULTIPLY_VERT GLOW11_GLOW_MAINCOLOR ok=1
Cmd: compileSnippet
  api=4 type=0 insize=812 outsize=1274 kw=GLOW11_MULTIPLY_VERT GLOW11_GLOW_MAINCOLOR ok=1
Cmd: compileSnippet
  api=8 type=0 insize=812 outsize=1812 kw=GLOW11_MULTIPLY_VERT GLOW11_GLOW_MAINCOLOR ok=1
Cmd: compileSnippet
  api=1 type=0 insize=812 outsize=171 kw=GLOW11_MULTIPLY_VERT_ALPHA GLOW11_GLOW_MAINCOLOR ok=1
Cmd: compileSnippet
  api=0 type=0 insize=812 outsize=432 kw=GLOW11_MULTIPLY_ILLUMTEX_ALPHA GLOW11_GLOW_MAINCOLOR ok=1
Cmd: compileSnippet
  api=4 type=0 insize=812 outsize=1290 kw=GLOW11_MULTIPLY_ILLUMTEX_ALPHA GLOW11_GLOW_MAINCOLOR ok=1
Cmd: compileSnippet
  api=8 type=0 insize=812 outsize=1820 kw=GLOW11_MULTIPLY_ILLUMTEX_ALPHA GLOW11_GLOW_MAINCOLOR ok=1
Cmd: compileSnippet
  api=1 type=0 insize=812 outsize=145 kw=GLOW11_MULTIPLY_MAINTEX_ALPHA GLOW11_GLOW_MAINCOLOR ok=1
Cmd: compileSnippet
  api=0 type=0 insize=812 outsize=432 kw=NO_MULTIPLY GLOW11_GLOW_GLOWTEX ok=1
Cmd: compileSnippet
  api=4 type=0 insize=812 outsize=1290 kw=NO_MULTIPLY GLOW11_GLOW_GLOWTEX ok=1
Cmd: compileSnippet
  api=0 type=0 insize=812 outsize=432 kw=GLOW11_MULTIPLY_GLOWCOLOR GLOW11_GLOW_GLOWTEX ok=1
Cmd: compileSnippet
  api=4 type=0 insize=812 outsize=1290 kw=GLOW11_MULTIPLY_GLOWCOLOR GLOW11_GLOW_GLOWTEX ok=1
Cmd: compileSnippet
  api=8 type=0 insize=812 outsize=1820 kw=GLOW11_MULTIPLY_GLOWCOLOR GLOW11_GLOW_GLOWTEX ok=1
Cmd: compileSnippet
  api=1 type=0 insize=812 outsize=199 kw=GLOW11_MULTIPLY_VERT GLOW11_GLOW_GLOWTEX ok=1
Cmd: compileSnippet
  api=0 type=0 insize=812 outsize=464 kw=GLOW11_MULTIPLY_VERT_ALPHA GLOW11_GLOW_GLOWTEX ok=1
Cmd: compileSnippet
  api=4 type=0 insize=812 outsize=1437 kw=GLOW11_MULTIPLY_VERT_ALPHA GLOW11_GLOW_GLOWTEX ok=1
Cmd: compileSnippet
  api=8 type=0 insize=812 outsize=2015 kw=GLOW11_MULTIPLY_VERT_ALPHA GLOW11_GLOW_GLOWTEX ok=1
Cmd: compileSnippet
  api=1 type=0 insize=812 outsize=201 kw=GLOW11_MULTIPLY_ILLUMTEX_ALPHA GLOW11_GLOW_GLOWTEX ok=1
Cmd: compileSnippet
  api=8 type=0 insize=812 outsize=2023 kw=GLOW11_MULTIPLY_ILLUMTEX_ALPHA GLOW11_GLOW_GLOWTEX ok=1
Cmd: compileSnippet
  api=1 type=0 insize=812 outsize=173 kw=GLOW11_MULTIPLY_MAINTEX_ALPHA GLOW11_GLOW_GLOWTEX ok=1
Cmd: compileSnippet
  api=0 type=0 insize=812 outsize=432 kw=NO_MULTIPLY GLOW11_GLOW_ILLUMTEX ok=1
Cmd: compileSnippet
  api=4 type=0 insize=812 outsize=1290 kw=NO_MULTIPLY GLOW11_GLOW_ILLUMTEX ok=1
Cmd: compileSnippet
  api=8 type=0 insize=812 outsize=1820 kw=NO_MULTIPLY GLOW11_GLOW_ILLUMTEX ok=1
Cmd: compileSnippet
  api=1 type=0 insize=812 outsize=173 kw=GLOW11_MULTIPLY_GLOWCOLOR GLOW11_GLOW_ILLUMTEX ok=1
Cmd: compileSnippet
  api=8 type=0 insize=812 outsize=1820 kw=GLOW11_MULTIPLY_GLOWCOLOR GLOW11_GLOW_ILLUMTEX ok=1
Cmd: compileSnippet
  api=1 type=0 insize=812 outsize=199 kw=GLOW11_MULTIPLY_VERT GLOW11_GLOW_ILLUMTEX ok=1
Cmd: compileSnippet
  api=8 type=0 insize=812 outsize=2015 kw=GLOW11_MULTIPLY_VERT GLOW11_GLOW_ILLUMTEX ok=1
Cmd: compileSnippet
  api=1 type=0 insize=812 outsize=199 kw=GLOW11_MULTIPLY_VERT_ALPHA GLOW11_GLOW_ILLUMTEX ok=1
Cmd: compileSnippet
  api=0 type=0 insize=812 outsize=432 kw=GLOW11_MULTIPLY_ILLUMTEX_ALPHA GLOW11_GLOW_ILLUMTEX ok=1
Cmd: compileSnippet
  api=4 type=0 insize=812 outsize=1290 kw=GLOW11_MULTIPLY_ILLUMTEX_ALPHA GLOW11_GLOW_ILLUMTEX ok=1
Cmd: compileSnippet
  api=8 type=0 insize=812 outsize=1820 kw=GLOW11_MULTIPLY_ILLUMTEX_ALPHA GLOW11_GLOW_ILLUMTEX ok=1
Cmd: compileSnippet
  api=1 type=0 insize=812 outsize=173 kw=GLOW11_MULTIPLY_MAINTEX_ALPHA GLOW11_GLOW_ILLUMTEX ok=1
Cmd: compileSnippet
  api=0 type=0 insize=812 outsize=365 kw=NO_MULTIPLY GLOW11_GLOW_GLOWCOLOR ok=1
Cmd: compileSnippet
  api=4 type=0 insize=812 outsize=1128 kw=NO_MULTIPLY GLOW11_GLOW_GLOWCOLOR ok=1
Cmd: compileSnippet
  api=8 type=0 insize=812 outsize=1617 kw=NO_MULTIPLY GLOW11_GLOW_GLOWCOLOR ok=1
Cmd: compileSnippet
  api=1 type=0 insize=812 outsize=145 kw=GLOW11_MULTIPLY_GLOWCOLOR GLOW11_GLOW_GLOWCOLOR ok=1
Cmd: compileSnippet
  api=0 type=0 insize=812 outsize=397 kw=GLOW11_MULTIPLY_VERT GLOW11_GLOW_GLOWCOLOR ok=1
Cmd: compileSnippet
  api=4 type=0 insize=812 outsize=1274 kw=GLOW11_MULTIPLY_VERT GLOW11_GLOW_GLOWCOLOR ok=1
Cmd: compileSnippet
  api=8 type=0 insize=812 outsize=1812 kw=GLOW11_MULTIPLY_VERT GLOW11_GLOW_GLOWCOLOR ok=1
Cmd: compileSnippet
  api=1 type=0 insize=812 outsize=171 kw=GLOW11_MULTIPLY_VERT_ALPHA GLOW11_GLOW_GLOWCOLOR ok=1
Cmd: compileSnippet
  api=8 type=0 insize=812 outsize=1812 kw=GLOW11_MULTIPLY_VERT_ALPHA GLOW11_GLOW_GLOWCOLOR ok=1
Cmd: compileSnippet
  api=1 type=0 insize=812 outsize=173 kw=GLOW11_MULTIPLY_ILLUMTEX_ALPHA GLOW11_GLOW_GLOWCOLOR ok=1
Cmd: compileSnippet
  api=0 type=0 insize=812 outsize=365 kw=GLOW11_MULTIPLY_MAINTEX_ALPHA GLOW11_GLOW_GLOWCOLOR ok=1
Cmd: compileSnippet
  api=4 type=0 insize=812 outsize=1128 kw=GLOW11_MULTIPLY_MAINTEX_ALPHA GLOW11_GLOW_GLOWCOLOR ok=1
Cmd: compileSnippet
  api=0 type=0 insize=812 outsize=397 kw=NO_MULTIPLY GLOW11_GLOW_VERTEXCOLOR ok=1
Cmd: compileSnippet
  api=4 type=0 insize=812 outsize=1274 kw=NO_MULTIPLY GLOW11_GLOW_VERTEXCOLOR ok=1
Cmd: compileSnippet
  api=8 type=0 insize=812 outsize=1812 kw=NO_MULTIPLY GLOW11_GLOW_VERTEXCOLOR ok=1
Cmd: compileSnippet
  api=1 type=0 insize=812 outsize=171 kw=GLOW11_MULTIPLY_GLOWCOLOR GLOW11_GLOW_VERTEXCOLOR ok=1
Cmd: compileSnippet
  api=8 type=0 insize=812 outsize=1812 kw=GLOW11_MULTIPLY_GLOWCOLOR GLOW11_GLOW_VERTEXCOLOR ok=1
Cmd: compileSnippet
  api=1 type=0 insize=812 outsize=171 kw=GLOW11_MULTIPLY_VERT GLOW11_GLOW_VERTEXCOLOR ok=1
Cmd: compileSnippet
  api=0 type=0 insize=812 outsize=397 kw=GLOW11_MULTIPLY_VERT_ALPHA GLOW11_GLOW_VERTEXCOLOR ok=1
Cmd: compileSnippet
  api=4 type=0 insize=812 outsize=1274 kw=GLOW11_MULTIPLY_VERT_ALPHA GLOW11_GLOW_VERTEXCOLOR ok=1
Cmd: compileSnippet
  api=8 type=0 insize=812 outsize=1812 kw=GLOW11_MULTIPLY_VERT_ALPHA GLOW11_GLOW_VERTEXCOLOR ok=1
Cmd: compileSnippet
  api=1 type=0 insize=812 outsize=199 kw=GLOW11_MULTIPLY_ILLUMTEX_ALPHA GLOW11_GLOW_VERTEXCOLOR ok=1
Cmd: compileSnippet
  api=0 type=0 insize=812 outsize=397 kw=GLOW11_MULTIPLY_MAINTEX_ALPHA GLOW11_GLOW_VERTEXCOLOR ok=1
Cmd: compileSnippet
  api=4 type=0 insize=812 outsize=1274 kw=GLOW11_MULTIPLY_MAINTEX_ALPHA GLOW11_GLOW_VERTEXCOLOR ok=1
Cmd: compileSnippet
  api=8 type=0 insize=812 outsize=1812 kw=GLOW11_MULTIPLY_MAINTEX_ALPHA GLOW11_GLOW_VERTEXCOLOR ok=1
Cmd: compileSnippet
  api=4 type=1 insize=812 outsize=811 kw=GLOW11_GLOW_MAINTEX NO_MULTIPLY ok=1
Cmd: compileSnippet
  api=0 type=1 insize=812 outsize=250 kw=GLOW11_GLOW_MAINTEX GLOW11_MULTIPLY_GLOWCOLOR ok=1
Cmd: compileSnippet
  api=1 type=1 insize=812 outsize=96 kw=GLOW11_GLOW_MAINTEX GLOW11_MULTIPLY_GLOWCOLOR ok=1
Cmd: compileSnippet
  api=8 type=1 insize=812 outsize=1203 kw=GLOW11_GLOW_MAINTEX GLOW11_MULTIPLY_GLOWCOLOR ok=1
Cmd: compileSnippet
  api=4 type=1 insize=812 outsize=892 kw=GLOW11_GLOW_MAINTEX GLOW11_MULTIPLY_VERT ok=1
Cmd: compileSnippet
  api=0 type=1 insize=812 outsize=267 kw=GLOW11_GLOW_MAINTEX GLOW11_MULTIPLY_VERT_ALPHA ok=1
Cmd: compileSnippet
  api=4 type=1 insize=812 outsize=892 kw=GLOW11_GLOW_MAINTEX GLOW11_MULTIPLY_VERT_ALPHA ok=1
Cmd: compileSnippet
  api=0 type=1 insize=812 outsize=304 kw=GLOW11_GLOW_MAINTEX GLOW11_MULTIPLY_ILLUMTEX_ALPHA ok=1
Cmd: compileSnippet
  api=4 type=1 insize=812 outsize=1071 kw=GLOW11_GLOW_MAINTEX GLOW11_MULTIPLY_ILLUMTEX_ALPHA ok=1
Cmd: compileSnippet
  api=0 type=1 insize=812 outsize=252 kw=GLOW11_GLOW_MAINTEX GLOW11_MULTIPLY_MAINTEX_ALPHA ok=1
Cmd: compileSnippet
  api=4 type=1 insize=812 outsize=868 kw=GLOW11_GLOW_MAINTEX GLOW11_MULTIPLY_MAINTEX_ALPHA ok=1
Cmd: compileSnippet
  api=0 type=1 insize=812 outsize=232 kw=NO_MULTIPLY GLOW11_GLOW_MAINCOLOR ok=1
Cmd: compileSnippet
  api=1 type=1 insize=812 outsize=92 kw=NO_MULTIPLY GLOW11_GLOW_MAINCOLOR ok=1
Cmd: compileSnippet
  api=8 type=1 insize=812 outsize=1138 kw=NO_MULTIPLY GLOW11_GLOW_MAINCOLOR ok=1
Cmd: compileSnippet
  api=4 type=1 insize=812 outsize=884 kw=GLOW11_MULTIPLY_GLOWCOLOR GLOW11_GLOW_MAINCOLOR ok=1
Cmd: compileSnippet
  api=8 type=1 insize=812 outsize=1235 kw=GLOW11_MULTIPLY_GLOWCOLOR GLOW11_GLOW_MAINCOLOR ok=1
Cmd: compileSnippet
  api=4 type=1 insize=812 outsize=900 kw=GLOW11_MULTIPLY_VERT GLOW11_GLOW_MAINCOLOR ok=1
Cmd: compileSnippet
  api=0 type=1 insize=812 outsize=274 kw=GLOW11_MULTIPLY_VERT_ALPHA GLOW11_GLOW_MAINCOLOR ok=1
Cmd: compileSnippet
  api=4 type=1 insize=812 outsize=900 kw=GLOW11_MULTIPLY_VERT_ALPHA GLOW11_GLOW_MAINCOLOR ok=1
Cmd: compileSnippet
  api=0 type=1 insize=812 outsize=302 kw=GLOW11_MULTIPLY_ILLUMTEX_ALPHA GLOW11_GLOW_MAINCOLOR ok=1
Cmd: compileSnippet
  api=1 type=1 insize=812 outsize=150 kw=GLOW11_MULTIPLY_ILLUMTEX_ALPHA GLOW11_GLOW_MAINCOLOR ok=1
Cmd: compileSnippet
  api=8 type=1 insize=812 outsize=1520 kw=GLOW11_MULTIPLY_ILLUMTEX_ALPHA GLOW11_GLOW_MAINCOLOR ok=1
Cmd: compileSnippet
  api=4 type=1 insize=812 outsize=876 kw=GLOW11_MULTIPLY_MAINTEX_ALPHA GLOW11_GLOW_MAINCOLOR ok=1
Cmd: compileSnippet
  api=0 type=1 insize=812 outsize=263 kw=NO_MULTIPLY GLOW11_GLOW_GLOWTEX ok=1
Cmd: compileSnippet
  api=1 type=1 insize=812 outsize=114 kw=NO_MULTIPLY GLOW11_GLOW_GLOWTEX ok=1
Cmd: compileSnippet
  api=8 type=1 insize=812 outsize=1398 kw=NO_MULTIPLY GLOW11_GLOW_GLOWTEX ok=1
Cmd: compileSnippet
  api=4 type=1 insize=812 outsize=1079 kw=GLOW11_MULTIPLY_GLOWCOLOR GLOW11_GLOW_GLOWTEX ok=1
Cmd: compileSnippet
  api=0 type=1 insize=812 outsize=303 kw=GLOW11_MULTIPLY_VERT GLOW11_GLOW_GLOWTEX ok=1
Cmd: compileSnippet
  api=4 type=1 insize=812 outsize=1095 kw=GLOW11_MULTIPLY_VERT GLOW11_GLOW_GLOWTEX ok=1
Cmd: compileSnippet
  api=0 type=1 insize=812 outsize=305 kw=GLOW11_MULTIPLY_VERT_ALPHA GLOW11_GLOW_GLOWTEX ok=1
Cmd: compileSnippet
  api=1 type=1 insize=812 outsize=147 kw=GLOW11_MULTIPLY_VERT_ALPHA GLOW11_GLOW_GLOWTEX ok=1
Cmd: compileSnippet
  api=8 type=1 insize=812 outsize=1536 kw=GLOW11_MULTIPLY_VERT_ALPHA GLOW11_GLOW_GLOWTEX ok=1
Cmd: compileSnippet
  api=4 type=1 insize=812 outsize=1274 kw=GLOW11_MULTIPLY_ILLUMTEX_ALPHA GLOW11_GLOW_GLOWTEX ok=1
Cmd: compileSnippet
  api=0 type=1 insize=812 outsize=287 kw=GLOW11_MULTIPLY_MAINTEX_ALPHA GLOW11_GLOW_GLOWTEX ok=1
Cmd: compileSnippet
  api=1 type=1 insize=812 outsize=135 kw=GLOW11_MULTIPLY_MAINTEX_ALPHA GLOW11_GLOW_GLOWTEX ok=1
Cmd: compileSnippet
  api=8 type=1 insize=812 outsize=1487 kw=GLOW11_MULTIPLY_MAINTEX_ALPHA GLOW11_GLOW_GLOWTEX ok=1
Cmd: compileSnippet
  api=4 type=1 insize=812 outsize=1014 kw=NO_MULTIPLY GLOW11_GLOW_ILLUMTEX ok=1
Cmd: compileSnippet
  api=0 type=1 insize=812 outsize=288 kw=GLOW11_MULTIPLY_GLOWCOLOR GLOW11_GLOW_ILLUMTEX ok=1
Cmd: compileSnippet
  api=1 type=1 insize=812 outsize=133 kw=GLOW11_MULTIPLY_GLOWCOLOR GLOW11_GLOW_ILLUMTEX ok=1
Cmd: compileSnippet
  api=8 type=1 insize=812 outsize=1495 kw=GLOW11_MULTIPLY_GLOWCOLOR GLOW11_GLOW_ILLUMTEX ok=1
Cmd: compileSnippet
  api=4 type=1 insize=812 outsize=1095 kw=GLOW11_MULTIPLY_VERT GLOW11_GLOW_ILLUMTEX ok=1
Cmd: compileSnippet
  api=0 type=1 insize=812 outsize=305 kw=GLOW11_MULTIPLY_VERT_ALPHA GLOW11_GLOW_ILLUMTEX ok=1
Cmd: compileSnippet
  api=4 type=1 insize=812 outsize=1095 kw=GLOW11_MULTIPLY_VERT_ALPHA GLOW11_GLOW_ILLUMTEX ok=1
Cmd: compileSnippet
  api=0 type=1 insize=812 outsize=277 kw=GLOW11_MULTIPLY_ILLUMTEX_ALPHA GLOW11_GLOW_ILLUMTEX ok=1
Cmd: compileSnippet
  api=1 type=1 insize=812 outsize=131 kw=GLOW11_MULTIPLY_ILLUMTEX_ALPHA GLOW11_GLOW_ILLUMTEX ok=1
Cmd: compileSnippet
  api=8 type=1 insize=812 outsize=1487 kw=GLOW11_MULTIPLY_ILLUMTEX_ALPHA GLOW11_GLOW_ILLUMTEX ok=1
Cmd: compileSnippet
  api=4 type=1 insize=812 outsize=1071 kw=GLOW11_MULTIPLY_MAINTEX_ALPHA GLOW11_GLOW_ILLUMTEX ok=1
Cmd: compileSnippet
  api=0 type=1 insize=812 outsize=232 kw=NO_MULTIPLY GLOW11_GLOW_GLOWCOLOR ok=1
Cmd: compileSnippet
  api=4 type=1 insize=812 outsize=819 kw=NO_MULTIPLY GLOW11_GLOW_GLOWCOLOR ok=1
Cmd: compileSnippet
  api=0 type=1 insize=812 outsize=254 kw=GLOW11_MULTIPLY_GLOWCOLOR GLOW11_GLOW_GLOWCOLOR ok=1
Cmd: compileSnippet
  api=1 type=1 insize=812 outsize=111 kw=GLOW11_MULTIPLY_GLOWCOLOR GLOW11_GLOW_GLOWCOLOR ok=1
Cmd: compileSnippet
  api=8 type=1 insize=812 outsize=1211 kw=GLOW11_MULTIPLY_GLOWCOLOR GLOW11_GLOW_GLOWCOLOR ok=1
Cmd: compileSnippet
  api=1 type=1 insize=812 outsize=122 kw=GLOW11_MULTIPLY_VERT GLOW11_GLOW_GLOWCOLOR ok=1
Cmd: compileSnippet
  api=8 type=1 insize=812 outsize=1276 kw=GLOW11_MULTIPLY_VERT GLOW11_GLOW_GLOWCOLOR ok=1
Cmd: compileSnippet
  api=1 type=1 insize=812 outsize=125 kw=GLOW11_MULTIPLY_VERT_ALPHA GLOW11_GLOW_GLOWCOLOR ok=1
Cmd: compileSnippet
  api=8 type=1 insize=812 outsize=1276 kw=GLOW11_MULTIPLY_VERT_ALPHA GLOW11_GLOW_GLOWCOLOR ok=1
Cmd: compileSnippet
  api=4 type=1 insize=812 outsize=1079 kw=GLOW11_MULTIPLY_ILLUMTEX_ALPHA GLOW11_GLOW_GLOWCOLOR ok=1
Cmd: compileSnippet
  api=0 type=1 insize=812 outsize=256 kw=GLOW11_MULTIPLY_MAINTEX_ALPHA GLOW11_GLOW_GLOWCOLOR ok=1
Cmd: compileSnippet
  api=1 type=1 insize=812 outsize=113 kw=GLOW11_MULTIPLY_MAINTEX_ALPHA GLOW11_GLOW_GLOWCOLOR ok=1
Cmd: compileSnippet
  api=8 type=1 insize=812 outsize=1227 kw=GLOW11_MULTIPLY_MAINTEX_ALPHA GLOW11_GLOW_GLOWCOLOR ok=1
Cmd: compileSnippet
  api=4 type=1 insize=812 outsize=835 kw=NO_MULTIPLY GLOW11_GLOW_VERTEXCOLOR ok=1
Cmd: compileSnippet
  api=0 type=1 insize=812 outsize=258 kw=GLOW11_MULTIPLY_GLOWCOLOR GLOW11_GLOW_VERTEXCOLOR ok=1
Cmd: compileSnippet
  api=4 type=1 insize=812 outsize=900 kw=GLOW11_MULTIPLY_GLOWCOLOR GLOW11_GLOW_VERTEXCOLOR ok=1
Cmd: compileSnippet
  api=0 type=1 insize=812 outsize=273 kw=GLOW11_MULTIPLY_VERT GLOW11_GLOW_VERTEXCOLOR ok=1
Cmd: compileSnippet
  api=1 type=1 insize=812 outsize=107 kw=GLOW11_MULTIPLY_VERT GLOW11_GLOW_VERTEXCOLOR ok=1
Cmd: compileSnippet
  api=8 type=1 insize=812 outsize=1243 kw=GLOW11_MULTIPLY_VERT GLOW11_GLOW_VERTEXCOLOR ok=1
Cmd: compileSnippet
  api=4 type=1 insize=812 outsize=892 kw=GLOW11_MULTIPLY_VERT_ALPHA GLOW11_GLOW_VERTEXCOLOR ok=1
Cmd: compileSnippet
  api=0 type=1 insize=812 outsize=303 kw=GLOW11_MULTIPLY_ILLUMTEX_ALPHA GLOW11_GLOW_VERTEXCOLOR ok=1
Cmd: compileSnippet
  api=1 type=1 insize=812 outsize=146 kw=GLOW11_MULTIPLY_ILLUMTEX_ALPHA GLOW11_GLOW_VERTEXCOLOR ok=1
Cmd: compileSnippet
  api=0 type=1 insize=812 outsize=257 kw=GLOW11_MULTIPLY_MAINTEX_ALPHA GLOW11_GLOW_VERTEXCOLOR ok=1
Cmd: compileSnippet
  api=1 type=1 insize=812 outsize=109 kw=GLOW11_MULTIPLY_MAINTEX_ALPHA GLOW11_GLOW_VERTEXCOLOR ok=1
Cmd: compileSnippet
  api=8 type=1 insize=812 outsize=1243 kw=GLOW11_MULTIPLY_MAINTEX_ALPHA GLOW11_GLOW_VERTEXCOLOR ok=1
Cmd: compileSnippet
  api=4 type=0 insize=848 outsize=1128 kw=GLOW11_GLOW_MAINTEX NO_MULTIPLY ok=1
Cmd: compileSnippet
  api=8 type=0 insize=848 outsize=1617 kw=GLOW11_GLOW_MAINTEX NO_MULTIPLY ok=1
Cmd: compileSnippet
  api=1 type=0 insize=848 outsize=145 kw=GLOW11_GLOW_MAINTEX GLOW11_MULTIPLY_GLOWCOLOR ok=1
Cmd: compileSnippet
  api=8 type=0 insize=848 outsize=1617 kw=GLOW11_GLOW_MAINTEX GLOW11_MULTIPLY_GLOWCOLOR ok=1
Cmd: compileSnippet
  api=1 type=0 insize=848 outsize=171 kw=GLOW11_GLOW_MAINTEX GLOW11_MULTIPLY_VERT ok=1
Cmd: compileSnippet
  api=8 type=0 insize=848 outsize=1812 kw=GLOW11_GLOW_MAINTEX GLOW11_MULTIPLY_VERT ok=1
Cmd: compileSnippet
  api=1 type=0 insize=848 outsize=171 kw=GLOW11_GLOW_MAINTEX GLOW11_MULTIPLY_VERT_ALPHA ok=1
Cmd: compileSnippet
  api=8 type=0 insize=848 outsize=1812 kw=GLOW11_GLOW_MAINTEX GLOW11_MULTIPLY_VERT_ALPHA ok=1
Cmd: compileSnippet
  api=1 type=0 insize=848 outsize=173 kw=GLOW11_GLOW_MAINTEX GLOW11_MULTIPLY_ILLUMTEX_ALPHA ok=1
Cmd: compileSnippet
  api=0 type=0 insize=848 outsize=365 kw=GLOW11_GLOW_MAINTEX GLOW11_MULTIPLY_MAINTEX_ALPHA ok=1
Cmd: compileSnippet
  api=4 type=0 insize=848 outsize=1128 kw=GLOW11_GLOW_MAINTEX GLOW11_MULTIPLY_MAINTEX_ALPHA ok=1
Cmd: compileSnippet
  api=8 type=0 insize=848 outsize=1617 kw=GLOW11_GLOW_MAINTEX GLOW11_MULTIPLY_MAINTEX_ALPHA ok=1
Cmd: compileSnippet
  api=1 type=0 insize=848 outsize=145 kw=NO_MULTIPLY GLOW11_GLOW_MAINCOLOR ok=1
Cmd: compileSnippet
  api=0 type=0 insize=848 outsize=365 kw=GLOW11_MULTIPLY_GLOWCOLOR GLOW11_GLOW_MAINCOLOR ok=1
Cmd: compileSnippet
  api=4 type=0 insize=848 outsize=1128 kw=GLOW11_MULTIPLY_GLOWCOLOR GLOW11_GLOW_MAINCOLOR ok=1
Cmd: compileSnippet
  api=8 type=0 insize=848 outsize=1617 kw=GLOW11_MULTIPLY_GLOWCOLOR GLOW11_GLOW_MAINCOLOR ok=1
Cmd: compileSnippet
  api=1 type=0 insize=848 outsize=171 kw=GLOW11_MULTIPLY_VERT GLOW11_GLOW_MAINCOLOR ok=1
Cmd: compileSnippet
  api=0 type=0 insize=848 outsize=397 kw=GLOW11_MULTIPLY_VERT_ALPHA GLOW11_GLOW_MAINCOLOR ok=1
Cmd: compileSnippet
  api=4 type=0 insize=848 outsize=1274 kw=GLOW11_MULTIPLY_VERT_ALPHA GLOW11_GLOW_MAINCOLOR ok=1
Cmd: compileSnippet
  api=8 type=0 insize=848 outsize=1812 kw=GLOW11_MULTIPLY_VERT_ALPHA GLOW11_GLOW_MAINCOLOR ok=1
Cmd: compileSnippet
  api=1 type=0 insize=848 outsize=173 kw=GLOW11_MULTIPLY_ILLUMTEX_ALPHA GLOW11_GLOW_MAINCOLOR ok=1
Cmd: compileSnippet
  api=0 type=0 insize=848 outsize=365 kw=GLOW11_MULTIPLY_MAINTEX_ALPHA GLOW11_GLOW_MAINCOLOR ok=1
Cmd: compileSnippet
  api=4 type=0 insize=848 outsize=1128 kw=GLOW11_MULTIPLY_MAINTEX_ALPHA GLOW11_GLOW_MAINCOLOR ok=1
Cmd: compileSnippet
  api=8 type=0 insize=848 outsize=1617 kw=GLOW11_MULTIPLY_MAINTEX_ALPHA GLOW11_GLOW_MAINCOLOR ok=1
Cmd: compileSnippet
  api=1 type=0 insize=848 outsize=173 kw=NO_MULTIPLY GLOW11_GLOW_GLOWTEX ok=1
Cmd: compileSnippet
  api=8 type=0 insize=848 outsize=1820 kw=NO_MULTIPLY GLOW11_GLOW_GLOWTEX ok=1
Cmd: compileSnippet
  api=1 type=0 insize=848 outsize=173 kw=GLOW11_MULTIPLY_GLOWCOLOR GLOW11_GLOW_GLOWTEX ok=1
Cmd: compileSnippet
  api=0 type=0 insize=848 outsize=464 kw=GLOW11_MULTIPLY_VERT GLOW11_GLOW_GLOWTEX ok=1
Cmd: compileSnippet
  api=4 type=0 insize=848 outsize=1437 kw=GLOW11_MULTIPLY_VERT GLOW11_GLOW_GLOWTEX ok=1
Cmd: compileSnippet
  api=0 type=0 insize=848 outsize=464 kw=GLOW11_MULTIPLY_VERT_ALPHA GLOW11_GLOW_GLOWTEX ok=1
Cmd: compileSnippet
  api=4 type=0 insize=848 outsize=1437 kw=GLOW11_MULTIPLY_VERT_ALPHA GLOW11_GLOW_GLOWTEX ok=1
Cmd: compileSnippet
  api=8 type=0 insize=848 outsize=2015 kw=GLOW11_MULTIPLY_VERT_ALPHA GLOW11_GLOW_GLOWTEX ok=1
Cmd: compileSnippet
  api=1 type=0 insize=848 outsize=201 kw=GLOW11_MULTIPLY_ILLUMTEX_ALPHA GLOW11_GLOW_GLOWTEX ok=1
Cmd: compileSnippet
  api=0 type=0 insize=848 outsize=432 kw=GLOW11_MULTIPLY_MAINTEX_ALPHA GLOW11_GLOW_GLOWTEX ok=1
Cmd: compileSnippet
  api=4 type=0 insize=848 outsize=1290 kw=GLOW11_MULTIPLY_MAINTEX_ALPHA GLOW11_GLOW_GLOWTEX ok=1
Cmd: compileSnippet
  api=8 type=0 insize=848 outsize=1820 kw=GLOW11_MULTIPLY_MAINTEX_ALPHA GLOW11_GLOW_GLOWTEX ok=1
Cmd: compileSnippet
  api=1 type=0 insize=848 outsize=173 kw=NO_MULTIPLY GLOW11_GLOW_ILLUMTEX ok=1
Cmd: compileSnippet
  api=0 type=0 insize=848 outsize=432 kw=GLOW11_MULTIPLY_GLOWCOLOR GLOW11_GLOW_ILLUMTEX ok=1
Cmd: compileSnippet
  api=4 type=0 insize=848 outsize=1290 kw=GLOW11_MULTIPLY_GLOWCOLOR GLOW11_GLOW_ILLUMTEX ok=1
Cmd: compileSnippet
  api=8 type=0 insize=848 outsize=1820 kw=GLOW11_MULTIPLY_GLOWCOLOR GLOW11_GLOW_ILLUMTEX ok=1
Cmd: compileSnippet
  api=1 type=0 insize=848 outsize=199 kw=GLOW11_MULTIPLY_VERT GLOW11_GLOW_ILLUMTEX ok=1
Cmd: compileSnippet
  api=8 type=0 insize=848 outsize=2015 kw=GLOW11_MULTIPLY_VERT GLOW11_GLOW_ILLUMTEX ok=1
Cmd: compileSnippet
  api=1 type=0 insize=848 outsize=199 kw=GLOW11_MULTIPLY_VERT_ALPHA GLOW11_GLOW_ILLUMTEX ok=1
Cmd: compileSnippet
  api=0 type=0 insize=848 outsize=432 kw=GLOW11_MULTIPLY_ILLUMTEX_ALPHA GLOW11_GLOW_ILLUMTEX ok=1
Cmd: compileSnippet
  api=4 type=0 insize=848 outsize=1290 kw=GLOW11_MULTIPLY_ILLUMTEX_ALPHA GLOW11_GLOW_ILLUMTEX ok=1
Cmd: compileSnippet
  api=0 type=0 insize=848 outsize=432 kw=GLOW11_MULTIPLY_MAINTEX_ALPHA GLOW11_GLOW_ILLUMTEX ok=1
Cmd: compileSnippet
  api=4 type=0 insize=848 outsize=1290 kw=GLOW11_MULTIPLY_MAINTEX_ALPHA GLOW11_GLOW_ILLUMTEX ok=1
Cmd: compileSnippet
  api=8 type=0 insize=848 outsize=1820 kw=GLOW11_MULTIPLY_MAINTEX_ALPHA GLOW11_GLOW_ILLUMTEX ok=1
Cmd: compileSnippet
  api=1 type=0 insize=848 outsize=145 kw=NO_MULTIPLY GLOW11_GLOW_GLOWCOLOR ok=1
Cmd: compileSnippet
  api=8 type=0 insize=848 outsize=1617 kw=NO_MULTIPLY GLOW11_GLOW_GLOWCOLOR ok=1
Cmd: compileSnippet
  api=1 type=0 insize=848 outsize=145 kw=GLOW11_MULTIPLY_GLOWCOLOR GLOW11_GLOW_GLOWCOLOR ok=1
Cmd: compileSnippet
  api=0 type=0 insize=848 outsize=397 kw=GLOW11_MULTIPLY_VERT GLOW11_GLOW_GLOWCOLOR ok=1
Cmd: compileSnippet
  api=4 type=0 insize=848 outsize=1274 kw=GLOW11_MULTIPLY_VERT GLOW11_GLOW_GLOWCOLOR ok=1
Cmd: compileSnippet
  api=8 type=0 insize=848 outsize=1812 kw=GLOW11_MULTIPLY_VERT GLOW11_GLOW_GLOWCOLOR ok=1
Cmd: compileSnippet
  api=1 type=0 insize=848 outsize=171 kw=GLOW11_MULTIPLY_VERT_ALPHA GLOW11_GLOW_GLOWCOLOR ok=1
Cmd: compileSnippet
  api=0 type=0 insize=848 outsize=432 kw=GLOW11_MULTIPLY_ILLUMTEX_ALPHA GLOW11_GLOW_GLOWCOLOR ok=1
Cmd: compileSnippet
  api=4 type=0 insize=848 outsize=1290 kw=GLOW11_MULTIPLY_ILLUMTEX_ALPHA GLOW11_GLOW_GLOWCOLOR ok=1
Cmd: compileSnippet
  api=0 type=0 insize=848 outsize=365 kw=GLOW11_MULTIPLY_MAINTEX_ALPHA GLOW11_GLOW_GLOWCOLOR ok=1
Cmd: compileSnippet
  api=4 type=0 insize=848 outsize=1128 kw=GLOW11_MULTIPLY_MAINTEX_ALPHA GLOW11_GLOW_GLOWCOLOR ok=1
Cmd: compileSnippet
  api=8 type=0 insize=848 outsize=1617 kw=GLOW11_MULTIPLY_MAINTEX_ALPHA GLOW11_GLOW_GLOWCOLOR ok=1
Cmd: compileSnippet
  api=1 type=0 insize=848 outsize=171 kw=NO_MULTIPLY GLOW11_GLOW_VERTEXCOLOR ok=1
Cmd: compileSnippet
  api=8 type=0 insize=848 outsize=1812 kw=NO_MULTIPLY GLOW11_GLOW_VERTEXCOLOR ok=1
Cmd: compileSnippet
  api=1 type=0 insize=848 outsize=171 kw=GLOW11_MULTIPLY_GLOWCOLOR GLOW11_GLOW_VERTEXCOLOR ok=1
Cmd: compileSnippet
  api=0 type=0 insize=848 outsize=397 kw=GLOW11_MULTIPLY_VERT GLOW11_GLOW_VERTEXCOLOR ok=1
Cmd: compileSnippet
  api=4 type=0 insize=848 outsize=1274 kw=GLOW11_MULTIPLY_VERT GLOW11_GLOW_VERTEXCOLOR ok=1
Cmd: compileSnippet
  api=0 type=0 insize=848 outsize=397 kw=GLOW11_MULTIPLY_VERT_ALPHA GLOW11_GLOW_VERTEXCOLOR ok=1
Cmd: compileSnippet
  api=4 type=0 insize=848 outsize=1274 kw=GLOW11_MULTIPLY_VERT_ALPHA GLOW11_GLOW_VERTEXCOLOR ok=1
Cmd: compileSnippet
  api=8 type=0 insize=848 outsize=1812 kw=GLOW11_MULTIPLY_VERT_ALPHA GLOW11_GLOW_VERTEXCOLOR ok=1
Cmd: compileSnippet
  api=1 type=0 insize=848 outsize=199 kw=GLOW11_MULTIPLY_ILLUMTEX_ALPHA GLOW11_GLOW_VERTEXCOLOR ok=1
Cmd: compileSnippet
  api=8 type=0 insize=848 outsize=2015 kw=GLOW11_MULTIPLY_ILLUMTEX_ALPHA GLOW11_GLOW_VERTEXCOLOR ok=1
Cmd: compileSnippet
  api=1 type=0 insize=848 outsize=171 kw=GLOW11_MULTIPLY_MAINTEX_ALPHA GLOW11_GLOW_VERTEXCOLOR ok=1
Cmd: compileSnippet
  api=4 type=1 insize=848 outsize=811 kw=GLOW11_GLOW_MAINTEX NO_MULTIPLY ok=1
Cmd: compileSnippet
  api=8 type=1 insize=848 outsize=1105 kw=GLOW11_GLOW_MAINTEX NO_MULTIPLY ok=1
Cmd: compileSnippet
  api=4 type=1 insize=848 outsize=876 kw=GLOW11_GLOW_MAINTEX GLOW11_MULTIPLY_GLOWCOLOR ok=1
Cmd: compileSnippet
  api=0 type=1 insize=848 outsize=265 kw=GLOW11_GLOW_MAINTEX GLOW11_MULTIPLY_VERT ok=1
Cmd: compileSnippet
  api=4 type=1 insize=848 outsize=892 kw=GLOW11_GLOW_MAINTEX GLOW11_MULTIPLY_VERT ok=1
Cmd: compileSnippet
  api=0 type=1 insize=848 outsize=267 kw=GLOW11_GLOW_MAINTEX GLOW11_MULTIPLY_VERT_ALPHA ok=1
Cmd: compileSnippet
  api=4 type=1 insize=848 outsize=892 kw=GLOW11_GLOW_MAINTEX GLOW11_MULTIPLY_VERT_ALPHA ok=1
Cmd: compileSnippet
  api=0 type=1 insize=848 outsize=304 kw=GLOW11_GLOW_MAINTEX GLOW11_MULTIPLY_ILLUMTEX_ALPHA ok=1
Cmd: compileSnippet
  api=4 type=1 insize=848 outsize=1071 kw=GLOW11_GLOW_MAINTEX GLOW11_MULTIPLY_ILLUMTEX_ALPHA ok=1
Cmd: compileSnippet
  api=0 type=1 insize=848 outsize=252 kw=GLOW11_GLOW_MAINTEX GLOW11_MULTIPLY_MAINTEX_ALPHA ok=1
Cmd: compileSnippet
  api=1 type=1 insize=848 outsize=94 kw=GLOW11_GLOW_MAINTEX GLOW11_MULTIPLY_MAINTEX_ALPHA ok=1
Cmd: compileSnippet
  api=8 type=1 insize=848 outsize=1195 kw=GLOW11_GLOW_MAINTEX GLOW11_MULTIPLY_MAINTEX_ALPHA ok=1
Cmd: compileSnippet
  api=1 type=1 insize=848 outsize=92 kw=NO_MULTIPLY GLOW11_GLOW_MAINCOLOR ok=1
Cmd: compileSnippet
  api=8 type=1 insize=848 outsize=1138 kw=NO_MULTIPLY GLOW11_GLOW_MAINCOLOR ok=1
Cmd: compileSnippet
  api=1 type=1 insize=848 outsize=111 kw=GLOW11_MULTIPLY_GLOWCOLOR GLOW11_GLOW_MAINCOLOR ok=1
Cmd: compileSnippet
  api=8 type=1 insize=848 outsize=1235 kw=GLOW11_MULTIPLY_GLOWCOLOR GLOW11_GLOW_MAINCOLOR ok=1
Cmd: compileSnippet
  api=1 type=1 insize=848 outsize=122 kw=GLOW11_MULTIPLY_VERT GLOW11_GLOW_MAINCOLOR ok=1
Cmd: compileSnippet
  api=0 type=1 insize=848 outsize=274 kw=GLOW11_MULTIPLY_VERT_ALPHA GLOW11_GLOW_MAINCOLOR ok=1
Cmd: compileSnippet
  api=1 type=1 insize=848 outsize=125 kw=GLOW11_MULTIPLY_VERT_ALPHA GLOW11_GLOW_MAINCOLOR ok=1
Cmd: compileSnippet
  api=8 type=1 insize=848 outsize=1276 kw=GLOW11_MULTIPLY_VERT_ALPHA GLOW11_GLOW_MAINCOLOR ok=1
Cmd: compileSnippet
  api=1 type=1 insize=848 outsize=150 kw=GLOW11_MULTIPLY_ILLUMTEX_ALPHA GLOW11_GLOW_MAINCOLOR ok=1
Cmd: compileSnippet
  api=8 type=1 insize=848 outsize=1520 kw=GLOW11_MULTIPLY_ILLUMTEX_ALPHA GLOW11_GLOW_MAINCOLOR ok=1
Cmd: compileSnippet
  api=4 type=1 insize=848 outsize=876 kw=GLOW11_MULTIPLY_MAINTEX_ALPHA GLOW11_GLOW_MAINCOLOR ok=1
Cmd: compileSnippet
  api=8 type=1 insize=848 outsize=1227 kw=GLOW11_MULTIPLY_MAINTEX_ALPHA GLOW11_GLOW_MAINCOLOR ok=1
Cmd: compileSnippet
  api=1 type=1 insize=848 outsize=114 kw=NO_MULTIPLY GLOW11_GLOW_GLOWTEX ok=1
Cmd: compileSnippet
  api=8 type=1 insize=848 outsize=1398 kw=NO_MULTIPLY GLOW11_GLOW_GLOWTEX ok=1
Cmd: compileSnippet
  api=1 type=1 insize=848 outsize=133 kw=GLOW11_MULTIPLY_GLOWCOLOR GLOW11_GLOW_GLOWTEX ok=1
Cmd: compileSnippet
  api=8 type=1 insize=848 outsize=1495 kw=GLOW11_MULTIPLY_GLOWCOLOR GLOW11_GLOW_GLOWTEX ok=1
Cmd: compileSnippet
  api=4 type=1 insize=848 outsize=1095 kw=GLOW11_MULTIPLY_VERT GLOW11_GLOW_GLOWTEX ok=1
Cmd: compileSnippet
  api=8 type=1 insize=848 outsize=1536 kw=GLOW11_MULTIPLY_VERT GLOW11_GLOW_GLOWTEX ok=1
Cmd: compileSnippet
  api=1 type=1 insize=848 outsize=147 kw=GLOW11_MULTIPLY_VERT_ALPHA GLOW11_GLOW_GLOWTEX ok=1
Cmd: compileSnippet
  api=8 type=1 insize=848 outsize=1536 kw=GLOW11_MULTIPLY_VERT_ALPHA GLOW11_GLOW_GLOWTEX ok=1
Cmd: compileSnippet
  api=4 type=1 insize=848 outsize=1274 kw=GLOW11_MULTIPLY_ILLUMTEX_ALPHA GLOW11_GLOW_GLOWTEX ok=1
Cmd: compileSnippet
  api=0 type=1 insize=848 outsize=287 kw=GLOW11_MULTIPLY_MAINTEX_ALPHA GLOW11_GLOW_GLOWTEX ok=1
Cmd: compileSnippet
  api=1 type=1 insize=848 outsize=135 kw=GLOW11_MULTIPLY_MAINTEX_ALPHA GLOW11_GLOW_GLOWTEX ok=1
Cmd: compileSnippet
  api=8 type=1 insize=848 outsize=1487 kw=GLOW11_MULTIPLY_MAINTEX_ALPHA GLOW11_GLOW_GLOWTEX ok=1
Cmd: compileSnippet
  api=1 type=1 insize=848 outsize=114 kw=NO_MULTIPLY GLOW11_GLOW_ILLUMTEX ok=1
Cmd: compileSnippet
  api=8 type=1 insize=848 outsize=1398 kw=NO_MULTIPLY GLOW11_GLOW_ILLUMTEX ok=1
Cmd: compileSnippet
  api=4 type=1 insize=848 outsize=1079 kw=GLOW11_MULTIPLY_GLOWCOLOR GLOW11_GLOW_ILLUMTEX ok=1
Cmd: compileSnippet
  api=8 type=1 insize=848 outsize=1495 kw=GLOW11_MULTIPLY_GLOWCOLOR GLOW11_GLOW_ILLUMTEX ok=1
Cmd: compileSnippet
  api=4 type=1 insize=848 outsize=1095 kw=GLOW11_MULTIPLY_VERT GLOW11_GLOW_ILLUMTEX ok=1
Cmd: compileSnippet
  api=0 type=1 insize=848 outsize=305 kw=GLOW11_MULTIPLY_VERT_ALPHA GLOW11_GLOW_ILLUMTEX ok=1
Cmd: compileSnippet
  api=1 type=1 insize=848 outsize=147 kw=GLOW11_MULTIPLY_VERT_ALPHA GLOW11_GLOW_ILLUMTEX ok=1
Cmd: compileSnippet
  api=8 type=1 insize=848 outsize=1536 kw=GLOW11_MULTIPLY_VERT_ALPHA GLOW11_GLOW_ILLUMTEX ok=1
Cmd: compileSnippet
  api=4 type=1 insize=848 outsize=1071 kw=GLOW11_MULTIPLY_ILLUMTEX_ALPHA GLOW11_GLOW_ILLUMTEX ok=1
Cmd: compileSnippet
  api=0 type=1 insize=848 outsize=287 kw=GLOW11_MULTIPLY_MAINTEX_ALPHA GLOW11_GLOW_ILLUMTEX ok=1
Cmd: compileSnippet
  api=1 type=1 insize=848 outsize=135 kw=GLOW11_MULTIPLY_MAINTEX_ALPHA GLOW11_GLOW_ILLUMTEX ok=1
Cmd: compileSnippet
  api=8 type=1 insize=848 outsize=1487 kw=GLOW11_MULTIPLY_MAINTEX_ALPHA GLOW11_GLOW_ILLUMTEX ok=1
Cmd: compileSnippet
  api=1 type=1 insize=848 outsize=92 kw=NO_MULTIPLY GLOW11_GLOW_GLOWCOLOR ok=1
Cmd: compileSnippet
  api=8 type=1 insize=848 outsize=1138 kw=NO_MULTIPLY GLOW11_GLOW_GLOWCOLOR ok=1
Cmd: compileSnippet
  api=1 type=1 insize=848 outsize=111 kw=GLOW11_MULTIPLY_GLOWCOLOR GLOW11_GLOW_GLOWCOLOR ok=1
Cmd: compileSnippet
  api=8 type=1 insize=848 outsize=1211 kw=GLOW11_MULTIPLY_GLOWCOLOR GLOW11_GLOW_GLOWCOLOR ok=1
Cmd: compileSnippet
  api=1 type=1 insize=848 outsize=122 kw=GLOW11_MULTIPLY_VERT GLOW11_GLOW_GLOWCOLOR ok=1
Cmd: compileSnippet
  api=8 type=1 insize=848 outsize=1276 kw=GLOW11_MULTIPLY_VERT GLOW11_GLOW_GLOWCOLOR ok=1
Cmd: compileSnippet
  api=4 type=1 insize=848 outsize=900 kw=GLOW11_MULTIPLY_VERT_ALPHA GLOW11_GLOW_GLOWCOLOR ok=1
Cmd: compileSnippet
  api=0 type=1 insize=848 outsize=302 kw=GLOW11_MULTIPLY_ILLUMTEX_ALPHA GLOW11_GLOW_GLOWCOLOR ok=1
Cmd: compileSnippet
  api=1 type=1 insize=848 outsize=150 kw=GLOW11_MULTIPLY_ILLUMTEX_ALPHA GLOW11_GLOW_GLOWCOLOR ok=1
Cmd: compileSnippet
  api=8 type=1 insize=848 outsize=1520 kw=GLOW11_MULTIPLY_ILLUMTEX_ALPHA GLOW11_GLOW_GLOWCOLOR ok=1
Cmd: compileSnippet
  api=1 type=1 insize=848 outsize=113 kw=GLOW11_MULTIPLY_MAINTEX_ALPHA GLOW11_GLOW_GLOWCOLOR ok=1
Cmd: compileSnippet
  api=8 type=1 insize=848 outsize=1227 kw=GLOW11_MULTIPLY_MAINTEX_ALPHA GLOW11_GLOW_GLOWCOLOR ok=1
Cmd: compileSnippet
  api=1 type=1 insize=848 outsize=88 kw=NO_MULTIPLY GLOW11_GLOW_VERTEXCOLOR ok=1
Cmd: compileSnippet
  api=4 type=1 insize=848 outsize=835 kw=NO_MULTIPLY GLOW11_GLOW_VERTEXCOLOR ok=1
Cmd: compileSnippet
  api=0 type=1 insize=848 outsize=258 kw=GLOW11_MULTIPLY_GLOWCOLOR GLOW11_GLOW_VERTEXCOLOR ok=1
Cmd: compileSnippet
  api=4 type=1 insize=848 outsize=900 kw=GLOW11_MULTIPLY_GLOWCOLOR GLOW11_GLOW_VERTEXCOLOR ok=1
Cmd: compileSnippet
  api=1 type=1 insize=848 outsize=107 kw=GLOW11_MULTIPLY_VERT GLOW11_GLOW_VERTEXCOLOR ok=1
Cmd: compileSnippet
  api=8 type=1 insize=848 outsize=1243 kw=GLOW11_MULTIPLY_VERT GLOW11_GLOW_VERTEXCOLOR ok=1
Cmd: compileSnippet
  api=1 type=1 insize=848 outsize=105 kw=GLOW11_MULTIPLY_VERT_ALPHA GLOW11_GLOW_VERTEXCOLOR ok=1
Cmd: compileSnippet
  api=8 type=1 insize=848 outsize=1243 kw=GLOW11_MULTIPLY_VERT_ALPHA GLOW11_GLOW_VERTEXCOLOR ok=1
Cmd: compileSnippet
  api=4 type=1 insize=848 outsize=1095 kw=GLOW11_MULTIPLY_ILLUMTEX_ALPHA GLOW11_GLOW_VERTEXCOLOR ok=1
Cmd: compileSnippet
  api=0 type=1 insize=848 outsize=257 kw=GLOW11_MULTIPLY_MAINTEX_ALPHA GLOW11_GLOW_VERTEXCOLOR ok=1
Cmd: compileSnippet
  api=1 type=1 insize=848 outsize=109 kw=GLOW11_MULTIPLY_MAINTEX_ALPHA GLOW11_GLOW_VERTEXCOLOR ok=1
Cmd: compileSnippet
  api=8 type=1 insize=848 outsize=1243 kw=GLOW11_MULTIPLY_MAINTEX_ALPHA GLOW11_GLOW_VERTEXCOLOR ok=1
Cmd: compileSnippet
  api=4 type=0 insize=479 outsize=990 kw= ok=1
Cmd: compileSnippet
  api=4 type=1 insize=479 outsize=1225 kw= ok=1
Cmd: compileSnippet
  api=4 type=0 insize=479 outsize=990 kw= ok=1
Cmd: compileSnippet
  api=4 type=1 insize=479 outsize=1225 kw= ok=1
Cmd: compileSnippet
  api=4 type=0 insize=479 outsize=990 kw= ok=1
Cmd: compileSnippet
  api=4 type=1 insize=479 outsize=1550 kw= ok=1
Cmd: compileSnippet
  api=4 type=0 insize=479 outsize=990 kw= ok=1
Cmd: compileSnippet
  api=4 type=1 insize=479 outsize=1550 kw= ok=1
Cmd: compileSnippet
  api=4 type=0 insize=480 outsize=990 kw= ok=1
Cmd: compileSnippet
  api=4 type=1 insize=480 outsize=1835 kw= ok=1
Cmd: compileSnippet
  api=4 type=0 insize=480 outsize=990 kw= ok=1
Cmd: compileSnippet
  api=4 type=1 insize=480 outsize=1835 kw= ok=1
Cmd: compileSnippet
  api=4 type=0 insize=480 outsize=990 kw= ok=1
Cmd: compileSnippet
  api=4 type=1 insize=480 outsize=2347 kw= ok=1
Cmd: compileSnippet
  api=4 type=0 insize=481 outsize=990 kw= ok=1
Cmd: compileSnippet
  api=4 type=1 insize=481 outsize=2347 kw= ok=1
Cmd: compileSnippet
  api=4 type=0 insize=481 outsize=990 kw= ok=1
Cmd: compileSnippet
  api=4 type=1 insize=481 outsize=2672 kw= ok=1
Cmd: compileSnippet
  api=4 type=0 insize=481 outsize=990 kw= ok=1
Cmd: compileSnippet
  api=4 type=1 insize=481 outsize=2672 kw= ok=1
Cmd: compileSnippet
  api=4 type=0 insize=481 outsize=990 kw= ok=1
Cmd: compileSnippet
  api=4 type=1 insize=481 outsize=3232 kw= ok=1
Cmd: compileSnippet
  api=4 type=0 insize=481 outsize=990 kw= ok=1
Cmd: compileSnippet
  api=4 type=1 insize=481 outsize=3232 kw= ok=1
Cmd: compileSnippet
  api=4 type=0 insize=481 outsize=990 kw= ok=1
Cmd: compileSnippet
  api=4 type=1 insize=481 outsize=3517 kw= ok=1
Cmd: compileSnippet
  api=4 type=0 insize=481 outsize=990 kw= ok=1
Cmd: compileSnippet
  api=4 type=1 insize=481 outsize=3517 kw= ok=1
Cmd: compileSnippet
  api=4 type=0 insize=481 outsize=990 kw= ok=1
Cmd: compileSnippet
  api=4 type=1 insize=481 outsize=4028 kw= ok=1
Cmd: compileSnippet
  api=4 type=0 insize=481 outsize=990 kw= ok=1
Cmd: compileSnippet
  api=4 type=1 insize=481 outsize=4028 kw= ok=1
Cmd: compileSnippet
  api=4 type=0 insize=481 outsize=990 kw= ok=1
Cmd: compileSnippet
  api=4 type=1 insize=481 outsize=4353 kw= ok=1
Cmd: compileSnippet
  api=4 type=0 insize=481 outsize=990 kw= ok=1
Cmd: compileSnippet
  api=4 type=1 insize=481 outsize=4353 kw= ok=1
Cmd: compileSnippet
  api=4 type=0 insize=482 outsize=990 kw= ok=1
Cmd: compileSnippet
  api=4 type=1 insize=482 outsize=4638 kw= ok=1
Cmd: compileSnippet
  api=4 type=0 insize=482 outsize=990 kw= ok=1
Cmd: compileSnippet
  api=4 type=1 insize=482 outsize=4638 kw= ok=1
Cmd: compileSnippet
  api=4 type=0 insize=482 outsize=990 kw= ok=1
Cmd: compileSnippet
  api=4 type=1 insize=482 outsize=5247 kw= ok=1
Cmd: compileSnippet
  api=4 type=0 insize=482 outsize=990 kw= ok=1
Cmd: compileSnippet
  api=4 type=1 insize=482 outsize=5247 kw= ok=1
Cmd: compileSnippet
  api=4 type=0 insize=482 outsize=990 kw= ok=1
Cmd: compileSnippet
  api=4 type=1 insize=482 outsize=5759 kw= ok=1
Cmd: compileSnippet
  api=4 type=0 insize=482 outsize=990 kw= ok=1
Cmd: compileSnippet
  api=4 type=1 insize=482 outsize=5759 kw= ok=1
Cmd: compileSnippet
  api=4 type=0 insize=482 outsize=990 kw= ok=1
Cmd: compileSnippet
  api=4 type=1 insize=482 outsize=6084 kw= ok=1
Cmd: compileSnippet
  api=4 type=0 insize=482 outsize=990 kw= ok=1
Cmd: compileSnippet
  api=4 type=1 insize=482 outsize=6084 kw= ok=1
Cmd: compileSnippet
  api=4 type=0 insize=482 outsize=990 kw= ok=1
Cmd: compileSnippet
  api=1 type=1 insize=482 outsize=2754 kw= ok=1
Cmd: compileSnippet
  api=1 type=0 insize=482 outsize=156 kw= ok=1
Cmd: compileSnippet
  api=4 type=1 insize=482 outsize=6368 kw= ok=1
Cmd: compileSnippet
  api=4 type=0 insize=482 outsize=990 kw= ok=1
Cmd: compileSnippet
  api=4 type=1 insize=482 outsize=6978 kw= ok=1
Cmd: compileSnippet
  api=4 type=0 insize=482 outsize=990 kw= ok=1
Cmd: compileSnippet
  api=4 type=1 insize=482 outsize=6978 kw= ok=1
Cmd: compileSnippet
  api=4 type=0 insize=481 outsize=990 kw= ok=1
Cmd: compileSnippet
  api=4 type=1 insize=481 outsize=1225 kw= ok=1
Cmd: compileSnippet
  api=4 type=0 insize=481 outsize=990 kw= ok=1
Cmd: compileSnippet
  api=4 type=1 insize=481 outsize=1225 kw= ok=1
Cmd: compileSnippet
  api=4 type=0 insize=481 outsize=990 kw= ok=1
Cmd: compileSnippet
  api=4 type=1 insize=481 outsize=1550 kw= ok=1
Cmd: compileSnippet
  api=4 type=0 insize=481 outsize=990 kw= ok=1
Cmd: compileSnippet
  api=4 type=1 insize=481 outsize=1550 kw= ok=1
Cmd: compileSnippet
  api=4 type=0 insize=481 outsize=990 kw= ok=1
Cmd: compileSnippet
  api=4 type=1 insize=481 outsize=1835 kw= ok=1
Cmd: compileSnippet
  api=4 type=0 insize=481 outsize=990 kw= ok=1
Cmd: compileSnippet
  api=4 type=1 insize=481 outsize=1835 kw= ok=1
Cmd: compileSnippet
  api=4 type=0 insize=481 outsize=990 kw= ok=1
Cmd: compileSnippet
  api=4 type=1 insize=481 outsize=2347 kw= ok=1
Cmd: compileSnippet
  api=4 type=0 insize=481 outsize=990 kw= ok=1
Cmd: compileSnippet
  api=4 type=1 insize=481 outsize=2347 kw= ok=1
Cmd: compileSnippet
  api=4 type=0 insize=481 outsize=990 kw= ok=1
Cmd: compileSnippet
  api=4 type=1 insize=481 outsize=2672 kw= ok=1
Cmd: compileSnippet
  api=4 type=0 insize=481 outsize=990 kw= ok=1
Cmd: compileSnippet
  api=4 type=1 insize=481 outsize=2672 kw= ok=1
Cmd: compileSnippet
  api=4 type=0 insize=481 outsize=990 kw= ok=1
Cmd: compileSnippet
  api=4 type=1 insize=481 outsize=3232 kw= ok=1
Cmd: compileSnippet
  api=4 type=0 insize=482 outsize=990 kw= ok=1
Cmd: compileSnippet
  api=4 type=1 insize=482 outsize=3232 kw= ok=1
Cmd: compileSnippet
  api=4 type=0 insize=952 outsize=990 kw= ok=1
Cmd: compileSnippet
  api=8 type=0 insize=952 outsize=1438 kw= ok=1
Cmd: compileSnippet
  api=4 type=1 insize=952 outsize=713 kw= ok=1
Cmd: compileSnippet
  api=8 type=1 insize=952 outsize=1008 kw= ok=1
Cmd: compileSnippet
  api=4 type=0 insize=952 outsize=990 kw= ok=1
Cmd: compileSnippet
  api=8 type=0 insize=952 outsize=1438 kw= ok=1
Cmd: compileSnippet
  api=4 type=1 insize=952 outsize=713 kw= ok=1
Cmd: compileSnippet
  api=4 type=0 insize=916 outsize=990 kw= ok=1
Cmd: compileSnippet
  api=8 type=0 insize=916 outsize=1438 kw= ok=1
Cmd: compileSnippet
  api=4 type=1 insize=916 outsize=713 kw= ok=1
Cmd: compileSnippet
  api=8 type=1 insize=916 outsize=1008 kw= ok=1
Cmd: compileSnippet
  api=4 type=0 insize=973 outsize=990 kw= ok=1
Cmd: compileSnippet
  api=8 type=0 insize=973 outsize=1438 kw= ok=1
Cmd: compileSnippet
  api=1 type=1 insize=973 outsize=118 kw= ok=1
Cmd: compileSnippet
  api=4 type=0 insize=609 outsize=1233 kw=SHADOWS_DEPTH ok=1
Cmd: compileSnippet
  api=0 type=0 insize=609 outsize=452 kw=SHADOWS_CUBE ok=1
Cmd: compileSnippet
  api=4 type=0 insize=609 outsize=1404 kw=SHADOWS_CUBE ok=1
Cmd: compileSnippet
  api=4 type=1 insize=609 outsize=437 kw=SHADOWS_DEPTH ok=1
Cmd: compileSnippet
  api=0 type=1 insize=609 outsize=384 kw=SHADOWS_CUBE ok=1
Cmd: compileSnippet
  api=4 type=1 insize=609 outsize=965 kw=SHADOWS_CUBE ok=1
Cmd: compileSnippet
  api=0 type=0 insize=694 outsize=1025 kw=SHADOWS_NATIVE ok=1
Cmd: compileSnippet
  api=4 type=0 insize=694 outsize=3127 kw=SHADOWS_NATIVE ok=1
Cmd: compileSnippet
  api=0 type=0 insize=694 outsize=1025 kw=SHADOWS_SPLIT_SPHERES SHADOWS_NONATIVE ok=1
Cmd: compileSnippet
  api=0 type=0 insize=694 outsize=1025 kw=SHADOWS_SPLIT_SPHERES SHADOWS_NATIVE ok=1
Cmd: compileSnippet
  api=4 type=0 insize=694 outsize=3127 kw=SHADOWS_SPLIT_SPHERES SHADOWS_NATIVE ok=1
Cmd: compileSnippet
  api=0 type=1 insize=694 outsize=870 kw=SHADOWS_NATIVE ok=1
Cmd: compileSnippet
  api=4 type=1 insize=694 outsize=2290 kw=SHADOWS_NATIVE ok=1
Cmd: compileSnippet
  api=1 type=1 insize=694 outsize=837 kw=SHADOWS_SPLIT_SPHERES SHADOWS_NONATIVE ok=1
Cmd: compileSnippet
  api=4 type=1 insize=694 outsize=3037 kw=SHADOWS_SPLIT_SPHERES SHADOWS_NATIVE ok=1
