Base path: /Applications/Unity5/Unity.app/Contents
Pipe name: \\.\pipe\UnityShaderCompiler-64bit-1-2029445904
Cmd: getPlatforms
Cmd: preprocess
  insize=2890 outsize=601 ok=1
Cmd: preprocess
  insize=447 outsize=447 ok=1
Cmd: preprocess
  insize=3526 outsize=1208 ok=1
Cmd: preprocess
  insize=384 outsize=384 ok=1
Cmd: preprocess
  insize=894 outsize=894 ok=1
Cmd: preprocess
  insize=1447 outsize=363 ok=1
Cmd: preprocess
  insize=1064 outsize=1892 ok=1
Cmd: preprocess
  insize=818 outsize=1765 ok=1
Cmd: preprocess
  insize=2742 outsize=1344 ok=1
Cmd: preprocess
  insize=1754 outsize=1311 ok=1
Cmd: preprocess
  insize=859 outsize=859 ok=1
Cmd: preprocess
  insize=1491 outsize=1604 ok=1
Cmd: preprocess
  insize=861 outsize=1920 ok=1
Cmd: preprocess
  insize=1165 outsize=1165 ok=1
Cmd: preprocess
  insize=672 outsize=1717 ok=1
Cmd: preprocess
  insize=1004 outsize=1966 ok=1
Cmd: preprocess
  insize=859 outsize=1820 ok=1
Cmd: preprocess
  insize=1028 outsize=1891 ok=1
Cmd: preprocess
  insize=1048 outsize=1038 ok=1
Cmd: preprocess
  insize=3999 outsize=2439 ok=1
Cmd: preprocess
  insize=690 outsize=690 ok=1
Cmd: preprocess
  insize=4522 outsize=3207 ok=1
Cmd: preprocess
  insize=1064 outsize=2037 ok=1
Cmd: preprocess
  insize=1496 outsize=1496 ok=1
Cmd: preprocess
  insize=1740 outsize=1312 ok=1
Cmd: preprocess
  insize=1097 outsize=1957 ok=1
Cmd: preprocess
  insize=1063 outsize=1887 ok=1
Cmd: preprocess
  insize=1613 outsize=585 ok=1
Cmd: preprocess
  insize=509 outsize=509 ok=1
Cmd: preprocess
  insize=1375 outsize=1999 ok=1
Cmd: preprocess
  insize=13946 outsize=9063 ok=1
Cmd: compileSnippet
  error: 2 plat 0 at ../../AdvancedBlur.cginc(129): '' : 'OFFSETFUNC' already defined; '' : syntax error syntax error\nCompiling Vertex program
  api=0 type=0 insize=479 outsize=0 kw= ok=0
Cmd: preprocess
  insize=1231 outsize=1992 ok=1
Cmd: preprocess
  insize=812 outsize=1660 ok=1
Cmd: preprocess
  insize=2675 outsize=2675 ok=1
Cmd: preprocess
  insize=1242 outsize=2086 ok=1
Cmd: preprocess
  insize=647 outsize=647 ok=1
Cmd: preprocess
  insize=1576 outsize=990 ok=1
Cmd: preprocess
  insize=1861 outsize=2145 ok=1
Cmd: preprocess
  insize=1784 outsize=1056 ok=1
Cmd: preprocess
  insize=1399 outsize=2001 ok=1
Cmd: preprocess
  insize=1313 outsize=1933 ok=1
Cmd: preprocess
  insize=1262 outsize=652 ok=1
Cmd: preprocess
  insize=985 outsize=1448 ok=1
Cmd: preprocess
  insize=1547 outsize=2040 ok=1
Cmd: preprocess
  insize=1146 outsize=1874 ok=1
Cmd: preprocess
  insize=990 outsize=1760 ok=1
Cmd: preprocess
  insize=804 outsize=1765 ok=1
Cmd: preprocess
  insize=3500 outsize=1133 ok=1
Cmd: preprocess
